Using pre-set license
Built from '2021.1/staging' branch; Version is '2021.1.7f1 (d91830b65d9b) revision 14227504'; Using compiler version '192528614'; Build Type 'Release'
OS: 'Windows 10 Home; OS build 19041.1348; Version 2004; 64bit' Language: 'en' Physical Memory: 16329 MB
BatchMode: 1, IsHumanControllingUs: 0, StartBugReporterOnCrash: 0, Is64bit: 1, IsPro: 0

 COMMAND LINE ARGUMENTS:
C:\Program Files\Unity\Hub\Editor\2021.1.7f1\Editor\Unity.exe
-adb2
-batchMode
-noUpm
-name
AssetImportWorker0
-projectPath
C:/Users/Craig Hussey/Documents/GitHub/Excidium
-logFile
Logs/AssetImportWorker0.log
-srvPort
65059
Successfully changed project path to: C:/Users/Craig Hussey/Documents/GitHub/Excidium
C:/Users/Craig Hussey/Documents/GitHub/Excidium
Using Asset Import Pipeline V2.
Refreshing native plugins compatible for Editor in 50.18 ms, found 0 plugins.
Preloading 0 native plugins for Editor in 0.00 ms.
Initialize engine version: 2021.1.7f1 (d91830b65d9b)
[Subsystems] Discovering subsystems at path C:/Program Files/Unity/Hub/Editor/2021.1.7f1/Editor/Data/Resources/UnitySubsystems
[Subsystems] Discovering subsystems at path C:/Users/Craig Hussey/Documents/GitHub/Excidium/Assets
GfxDevice: creating device client; threaded=0; jobified=0
Direct3D:
    Version:  Direct3D 11.0 [level 11.1]
    Renderer: NVIDIA GeForce GTX 1060 6GB (ID=0x1c03)
    Vendor:   NVIDIA
    VRAM:     6052 MB
    Driver:   30.0.14.9676
Initialize mono
Mono path[0] = 'C:/Program Files/Unity/Hub/Editor/2021.1.7f1/Editor/Data/Managed'
Mono path[1] = 'C:/Program Files/Unity/Hub/Editor/2021.1.7f1/Editor/Data/MonoBleedingEdge/lib/mono/unityjit'
Mono config path = 'C:/Program Files/Unity/Hub/Editor/2021.1.7f1/Editor/Data/MonoBleedingEdge/etc'
Using monoOptions --debugger-agent=transport=dt_socket,embedding=1,server=y,suspend=n,address=127.0.0.1:56968
Begin MonoManager ReloadAssembly
Registering precompiled unity dll's ...
Register platform support module: C:/Program Files/Unity/Hub/Editor/2021.1.7f1/Editor/Data/PlaybackEngines/WebGLSupport/UnityEditor.WebGL.Extensions.dll
Register platform support module: C:/Program Files/Unity/Hub/Editor/2021.1.7f1/Editor/Data/PlaybackEngines/WindowsStandaloneSupport/UnityEditor.WindowsStandalone.Extensions.dll
Registered in 0.001804 seconds.
Native extension for WindowsStandalone target not found
Native extension for WebGL target not found
Refreshing native plugins compatible for Editor in 45.04 ms, found 0 plugins.
Preloading 0 native plugins for Editor in 0.00 ms.
Mono: successfully reloaded assembly
- Completed reload, in  1.159 seconds
Platform modules already initialized, skipping
Registering precompiled user dll's ...
Registered in 0.001893 seconds.
Begin MonoManager ReloadAssembly
Native extension for WindowsStandalone target not found
Native extension for WebGL target not found
Refreshing native plugins compatible for Editor in 43.61 ms, found 0 plugins.
Preloading 0 native plugins for Editor in 0.00 ms.
Mono: successfully reloaded assembly
- Completed reload, in  0.914 seconds
Platform modules already initialized, skipping
========================================================================
Worker process is ready to serve import requests
Launched and connected shader compiler UnityShaderCompiler.exe after 0.03 seconds
Refreshing native plugins compatible for Editor in 0.54 ms, found 0 plugins.
Preloading 0 native plugins for Editor in 0.00 ms.
Unloading 2150 Unused Serialized files (Serialized files now loaded: 0)
System memory in use before: 96.4 MB.
System memory in use after: 96.5 MB.

Unloading 51 unused Assets to reduce memory usage. Loaded Objects now: 2582.
Total: 4.884300 ms (FindLiveObjects: 0.145300 ms CreateObjectMapping: 0.071900 ms MarkObjects: 4.604200 ms  DeleteObjects: 0.062100 ms)

========================================================================
Received Import Request.
  path: Assets/Scripts/Player/PlayerRigidMovement.cs
  artifactKey: Guid(86c5e8748c786a14494cfb7ee208a302) Importer(815301076,1909f56bfc062723c751e8b465ee728b)
Start importing Assets/Scripts/Player/PlayerRigidMovement.cs using Guid(86c5e8748c786a14494cfb7ee208a302) Importer(815301076,1909f56bfc062723c751e8b465ee728b)  -> (artifact id: '43090b2d8f809f137771e05039546547') in 0.126363 seconds 
========================================================================
Received Prepare
Registering precompiled user dll's ...
Registered in 0.194821 seconds.
Begin MonoManager ReloadAssembly
Native extension for WindowsStandalone target not found
Native extension for WebGL target not found
Refreshing native plugins compatible for Editor in 0.57 ms, found 0 plugins.
Preloading 0 native plugins for Editor in 0.00 ms.
Mono: successfully reloaded assembly
- Completed reload, in  6.041 seconds
Platform modules already initialized, skipping
Refreshing native plugins compatible for Editor in 0.58 ms, found 0 plugins.
Preloading 0 native plugins for Editor in 0.00 ms.
Unloading 2104 Unused Serialized files (Serialized files now loaded: 0)
System memory in use before: 92.4 MB.
System memory in use after: 92.5 MB.

Unloading 40 unused Assets to reduce memory usage. Loaded Objects now: 2585.
Total: 5.161700 ms (FindLiveObjects: 0.154400 ms CreateObjectMapping: 0.071500 ms MarkObjects: 4.913100 ms  DeleteObjects: 0.021800 ms)

========================================================================
Received Prepare
Registering precompiled user dll's ...
Registered in 0.002046 seconds.
Begin MonoManager ReloadAssembly
Native extension for WindowsStandalone target not found
Native extension for WebGL target not found
Refreshing native plugins compatible for Editor in 0.56 ms, found 0 plugins.
Preloading 0 native plugins for Editor in 0.00 ms.
Mono: successfully reloaded assembly
- Completed reload, in  0.836 seconds
Platform modules already initialized, skipping
Refreshing native plugins compatible for Editor in 0.59 ms, found 0 plugins.
Preloading 0 native plugins for Editor in 0.00 ms.
Unloading 2104 Unused Serialized files (Serialized files now loaded: 0)
System memory in use before: 92.5 MB.
System memory in use after: 92.6 MB.

Unloading 40 unused Assets to reduce memory usage. Loaded Objects now: 2588.
Total: 4.761800 ms (FindLiveObjects: 0.148900 ms CreateObjectMapping: 0.070800 ms MarkObjects: 4.519400 ms  DeleteObjects: 0.021800 ms)

========================================================================
Received Prepare
Registering precompiled user dll's ...
Registered in 0.002075 seconds.
Begin MonoManager ReloadAssembly
Native extension for WindowsStandalone target not found
Native extension for WebGL target not found
Refreshing native plugins compatible for Editor in 0.56 ms, found 0 plugins.
Preloading 0 native plugins for Editor in 0.00 ms.
Mono: successfully reloaded assembly
- Completed reload, in  0.838 seconds
Platform modules already initialized, skipping
Refreshing native plugins compatible for Editor in 0.57 ms, found 0 plugins.
Preloading 0 native plugins for Editor in 0.00 ms.
Unloading 2104 Unused Serialized files (Serialized files now loaded: 0)
System memory in use before: 92.5 MB.
System memory in use after: 92.6 MB.

Unloading 40 unused Assets to reduce memory usage. Loaded Objects now: 2591.
Total: 5.215400 ms (FindLiveObjects: 0.145800 ms CreateObjectMapping: 0.070500 ms MarkObjects: 4.975000 ms  DeleteObjects: 0.022900 ms)

========================================================================
Received Prepare
Registering precompiled user dll's ...
Registered in 0.002018 seconds.
Begin MonoManager ReloadAssembly
Native extension for WindowsStandalone target not found
Native extension for WebGL target not found
Refreshing native plugins compatible for Editor in 0.77 ms, found 0 plugins.
Preloading 0 native plugins for Editor in 0.00 ms.
Mono: successfully reloaded assembly
- Completed reload, in  0.820 seconds
Platform modules already initialized, skipping
Refreshing native plugins compatible for Editor in 0.56 ms, found 0 plugins.
Preloading 0 native plugins for Editor in 0.00 ms.
Unloading 2104 Unused Serialized files (Serialized files now loaded: 0)
System memory in use before: 92.5 MB.
System memory in use after: 92.6 MB.

Unloading 40 unused Assets to reduce memory usage. Loaded Objects now: 2594.
Total: 5.032500 ms (FindLiveObjects: 0.159600 ms CreateObjectMapping: 0.084100 ms MarkObjects: 4.762500 ms  DeleteObjects: 0.025000 ms)

========================================================================
Received Import Request.
  Time since last request: 4544.268110 seconds.
  path: Assets/Animations/AlienController.controller
  artifactKey: Guid(87fc0f2fddab8184889cd6f580eaa15f) Importer(815301076,1909f56bfc062723c751e8b465ee728b)
Start importing Assets/Animations/AlienController.controller using Guid(87fc0f2fddab8184889cd6f580eaa15f) Importer(815301076,1909f56bfc062723c751e8b465ee728b)  -> (artifact id: 'a471478ed242bd81abe365022d98d142') in 0.051999 seconds 
========================================================================
Received Import Request.
  Time since last request: 113.656630 seconds.
  path: Assets/Animations/AlienIdle.anim
  artifactKey: Guid(0ebcdcf011e42644ba594156edd57953) Importer(815301076,1909f56bfc062723c751e8b465ee728b)
Start importing Assets/Animations/AlienIdle.anim using Guid(0ebcdcf011e42644ba594156edd57953) Importer(815301076,1909f56bfc062723c751e8b465ee728b)  -> (artifact id: '25ac6dd379753048abebe87e71b99e81') in 0.008970 seconds 
========================================================================
Received Import Request.
  Time since last request: 1.927687 seconds.
  path: Assets/Animations/AlienWalkLeft.anim
  artifactKey: Guid(c128caca8e961ff4387c5a9a53e50174) Importer(815301076,1909f56bfc062723c751e8b465ee728b)
Start importing Assets/Animations/AlienWalkLeft.anim using Guid(c128caca8e961ff4387c5a9a53e50174) Importer(815301076,1909f56bfc062723c751e8b465ee728b)  -> (artifact id: 'ddb13dd30a1e8d573ff9363833c4d5f1') in 0.007288 seconds 
========================================================================
Received Prepare
Registering precompiled user dll's ...
Registered in 0.002127 seconds.
Begin MonoManager ReloadAssembly
Native extension for WindowsStandalone target not found
Native extension for WebGL target not found
Refreshing native plugins compatible for Editor in 0.56 ms, found 0 plugins.
Preloading 0 native plugins for Editor in 0.00 ms.
Mono: successfully reloaded assembly
- Completed reload, in  0.826 seconds
Platform modules already initialized, skipping
Refreshing native plugins compatible for Editor in 0.57 ms, found 0 plugins.
Preloading 0 native plugins for Editor in 0.00 ms.
Unloading 2104 Unused Serialized files (Serialized files now loaded: 0)
System memory in use before: 92.5 MB.
System memory in use after: 92.6 MB.

Unloading 40 unused Assets to reduce memory usage. Loaded Objects now: 2597.
Total: 5.005600 ms (FindLiveObjects: 0.139800 ms CreateObjectMapping: 0.065400 ms MarkObjects: 4.776700 ms  DeleteObjects: 0.022800 ms)

========================================================================
Received Prepare
Registering precompiled user dll's ...
Registered in 0.002113 seconds.
Begin MonoManager ReloadAssembly
Native extension for WindowsStandalone target not found
Native extension for WebGL target not found
Refreshing native plugins compatible for Editor in 0.57 ms, found 0 plugins.
Preloading 0 native plugins for Editor in 0.00 ms.
Mono: successfully reloaded assembly
- Completed reload, in  0.878 seconds
Platform modules already initialized, skipping
Refreshing native plugins compatible for Editor in 0.57 ms, found 0 plugins.
Preloading 0 native plugins for Editor in 0.00 ms.
Unloading 2104 Unused Serialized files (Serialized files now loaded: 0)
System memory in use before: 92.5 MB.
System memory in use after: 92.7 MB.

Unloading 40 unused Assets to reduce memory usage. Loaded Objects now: 2600.
Total: 4.937100 ms (FindLiveObjects: 0.146700 ms CreateObjectMapping: 0.069700 ms MarkObjects: 4.698900 ms  DeleteObjects: 0.020600 ms)

========================================================================
Received Prepare
Registering precompiled user dll's ...
Registered in 0.002228 seconds.
Begin MonoManager ReloadAssembly
Native extension for WindowsStandalone target not found
Native extension for WebGL target not found
Refreshing native plugins compatible for Editor in 0.56 ms, found 0 plugins.
Preloading 0 native plugins for Editor in 0.00 ms.
Mono: successfully reloaded assembly
- Completed reload, in  0.822 seconds
Platform modules already initialized, skipping
Refreshing native plugins compatible for Editor in 0.56 ms, found 0 plugins.
Preloading 0 native plugins for Editor in 0.00 ms.
Unloading 2104 Unused Serialized files (Serialized files now loaded: 0)
System memory in use before: 92.6 MB.
System memory in use after: 92.7 MB.

Unloading 40 unused Assets to reduce memory usage. Loaded Objects now: 2603.
Total: 5.039200 ms (FindLiveObjects: 0.143800 ms CreateObjectMapping: 0.073800 ms MarkObjects: 4.797900 ms  DeleteObjects: 0.022600 ms)

========================================================================
Received Import Request.
  Time since last request: 240.795916 seconds.
  path: Assets/Animations/AlienController.controller
  artifactKey: Guid(87fc0f2fddab8184889cd6f580eaa15f) Importer(815301076,1909f56bfc062723c751e8b465ee728b)
Start importing Assets/Animations/AlienController.controller using Guid(87fc0f2fddab8184889cd6f580eaa15f) Importer(815301076,1909f56bfc062723c751e8b465ee728b)  -> (artifact id: '89ac2ed89160368a49304f986076dc00') in 0.020687 seconds 
========================================================================
Received Import Request.
  Time since last request: 165.154771 seconds.
  path: Assets/Animations/AlienAttack.anim
  artifactKey: Guid(c22c57dd767a64149932e485213484ed) Importer(815301076,1909f56bfc062723c751e8b465ee728b)
Start importing Assets/Animations/AlienAttack.anim using Guid(c22c57dd767a64149932e485213484ed) Importer(815301076,1909f56bfc062723c751e8b465ee728b)  -> (artifact id: '37560a21c4f984baa7954bd3c52b54e2') in 0.069570 seconds 
========================================================================
Received Prepare
Registering precompiled user dll's ...
Registered in 0.002199 seconds.
Begin MonoManager ReloadAssembly
Native extension for WindowsStandalone target not found
Native extension for WebGL target not found
Refreshing native plugins compatible for Editor in 0.56 ms, found 0 plugins.
Preloading 0 native plugins for Editor in 0.00 ms.
Mono: successfully reloaded assembly
- Completed reload, in  0.844 seconds
Platform modules already initialized, skipping
Refreshing native plugins compatible for Editor in 0.58 ms, found 0 plugins.
Preloading 0 native plugins for Editor in 0.00 ms.
Unloading 2104 Unused Serialized files (Serialized files now loaded: 0)
System memory in use before: 92.6 MB.
System memory in use after: 92.7 MB.

Unloading 40 unused Assets to reduce memory usage. Loaded Objects now: 2606.
Total: 5.063400 ms (FindLiveObjects: 0.161600 ms CreateObjectMapping: 0.081000 ms MarkObjects: 4.798100 ms  DeleteObjects: 0.021400 ms)

========================================================================
Received Prepare
Registering precompiled user dll's ...
Registered in 0.002196 seconds.
Begin MonoManager ReloadAssembly
Native extension for WindowsStandalone target not found
Native extension for WebGL target not found
Refreshing native plugins compatible for Editor in 0.57 ms, found 0 plugins.
Preloading 0 native plugins for Editor in 0.00 ms.
Mono: successfully reloaded assembly
- Completed reload, in  0.827 seconds
Platform modules already initialized, skipping
Refreshing native plugins compatible for Editor in 0.56 ms, found 0 plugins.
Preloading 0 native plugins for Editor in 0.00 ms.
Unloading 2104 Unused Serialized files (Serialized files now loaded: 0)
System memory in use before: 92.6 MB.
System memory in use after: 92.7 MB.

Unloading 40 unused Assets to reduce memory usage. Loaded Objects now: 2609.
Total: 4.744900 ms (FindLiveObjects: 0.145300 ms CreateObjectMapping: 0.069800 ms MarkObjects: 4.508800 ms  DeleteObjects: 0.019900 ms)

========================================================================
Received Import Request.
  Time since last request: 1353.940157 seconds.
  path: Assets/Animations/AlienController.controller
  artifactKey: Guid(87fc0f2fddab8184889cd6f580eaa15f) Importer(815301076,1909f56bfc062723c751e8b465ee728b)
Start importing Assets/Animations/AlienController.controller using Guid(87fc0f2fddab8184889cd6f580eaa15f) Importer(815301076,1909f56bfc062723c751e8b465ee728b)  -> (artifact id: 'ba3405f21058f1e1064fce3620ce128a') in 0.018308 seconds 
========================================================================
Received Prepare
Registering precompiled user dll's ...
Registered in 0.002068 seconds.
Begin MonoManager ReloadAssembly
Native extension for WindowsStandalone target not found
Native extension for WebGL target not found
Refreshing native plugins compatible for Editor in 0.56 ms, found 0 plugins.
Preloading 0 native plugins for Editor in 0.00 ms.
Mono: successfully reloaded assembly
- Completed reload, in  0.856 seconds
Platform modules already initialized, skipping
Refreshing native plugins compatible for Editor in 0.57 ms, found 0 plugins.
Preloading 0 native plugins for Editor in 0.00 ms.
Unloading 2104 Unused Serialized files (Serialized files now loaded: 0)
System memory in use before: 92.6 MB.
System memory in use after: 92.7 MB.

Unloading 40 unused Assets to reduce memory usage. Loaded Objects now: 2612.
Total: 4.928100 ms (FindLiveObjects: 0.156400 ms CreateObjectMapping: 0.085500 ms MarkObjects: 4.661100 ms  DeleteObjects: 0.023800 ms)

========================================================================
Received Prepare
Registering precompiled user dll's ...
Registered in 0.002005 seconds.
Begin MonoManager ReloadAssembly
Native extension for WindowsStandalone target not found
Native extension for WebGL target not found
Refreshing native plugins compatible for Editor in 0.61 ms, found 0 plugins.
Preloading 0 native plugins for Editor in 0.00 ms.
Mono: successfully reloaded assembly
- Completed reload, in  0.857 seconds
Platform modules already initialized, skipping
Refreshing native plugins compatible for Editor in 0.56 ms, found 0 plugins.
Preloading 0 native plugins for Editor in 0.00 ms.
Unloading 2104 Unused Serialized files (Serialized files now loaded: 0)
System memory in use before: 92.6 MB.
System memory in use after: 92.7 MB.

Unloading 40 unused Assets to reduce memory usage. Loaded Objects now: 2615.
Total: 4.638700 ms (FindLiveObjects: 0.153600 ms CreateObjectMapping: 0.075000 ms MarkObjects: 4.393000 ms  DeleteObjects: 0.015900 ms)

========================================================================
Received Prepare
Registering precompiled user dll's ...
Registered in 0.002108 seconds.
Begin MonoManager ReloadAssembly
Native extension for WindowsStandalone target not found
Native extension for WebGL target not found
Refreshing native plugins compatible for Editor in 0.62 ms, found 0 plugins.
Preloading 0 native plugins for Editor in 0.00 ms.
Mono: successfully reloaded assembly
- Completed reload, in  0.892 seconds
Platform modules already initialized, skipping
Refreshing native plugins compatible for Editor in 0.58 ms, found 0 plugins.
Preloading 0 native plugins for Editor in 0.00 ms.
Unloading 2104 Unused Serialized files (Serialized files now loaded: 0)
System memory in use before: 92.6 MB.
System memory in use after: 92.7 MB.

Unloading 40 unused Assets to reduce memory usage. Loaded Objects now: 2618.
Total: 5.040000 ms (FindLiveObjects: 0.148300 ms CreateObjectMapping: 0.069500 ms MarkObjects: 4.795800 ms  DeleteObjects: 0.025200 ms)

========================================================================
Received Prepare
Registering precompiled user dll's ...
Registered in 0.002069 seconds.
Begin MonoManager ReloadAssembly
Native extension for WindowsStandalone target not found
Native extension for WebGL target not found
Refreshing native plugins compatible for Editor in 0.57 ms, found 0 plugins.
Preloading 0 native plugins for Editor in 0.00 ms.
Mono: successfully reloaded assembly
- Completed reload, in  0.869 seconds
Platform modules already initialized, skipping
Refreshing native plugins compatible for Editor in 0.57 ms, found 0 plugins.
Preloading 0 native plugins for Editor in 0.00 ms.
Unloading 2104 Unused Serialized files (Serialized files now loaded: 0)
System memory in use before: 92.6 MB.
System memory in use after: 92.7 MB.

Unloading 40 unused Assets to reduce memory usage. Loaded Objects now: 2621.
Total: 4.968400 ms (FindLiveObjects: 0.142100 ms CreateObjectMapping: 0.068700 ms MarkObjects: 4.739300 ms  DeleteObjects: 0.017300 ms)

========================================================================
Received Import Request.
  Time since last request: 517.545817 seconds.
  path: Assets/Animations/AlienController.controller
  artifactKey: Guid(87fc0f2fddab8184889cd6f580eaa15f) Importer(815301076,1909f56bfc062723c751e8b465ee728b)
Start importing Assets/Animations/AlienController.controller using Guid(87fc0f2fddab8184889cd6f580eaa15f) Importer(815301076,1909f56bfc062723c751e8b465ee728b)  -> (artifact id: 'd527772477e9fb94ece0a775c3ab065a') in 0.022436 seconds 
========================================================================
Received Prepare
Registering precompiled user dll's ...
Registered in 0.002092 seconds.
Begin MonoManager ReloadAssembly
Native extension for WindowsStandalone target not found
Native extension for WebGL target not found
Refreshing native plugins compatible for Editor in 0.57 ms, found 0 plugins.
Preloading 0 native plugins for Editor in 0.00 ms.
Mono: successfully reloaded assembly
- Completed reload, in  0.849 seconds
Platform modules already initialized, skipping
Refreshing native plugins compatible for Editor in 0.74 ms, found 0 plugins.
Preloading 0 native plugins for Editor in 0.00 ms.
Unloading 2104 Unused Serialized files (Serialized files now loaded: 0)
System memory in use before: 92.6 MB.
System memory in use after: 92.7 MB.

Unloading 40 unused Assets to reduce memory usage. Loaded Objects now: 2624.
Total: 5.105800 ms (FindLiveObjects: 0.184700 ms CreateObjectMapping: 0.080500 ms MarkObjects: 4.818500 ms  DeleteObjects: 0.020900 ms)

========================================================================
Received Prepare
Registering precompiled user dll's ...
Registered in 0.002085 seconds.
Begin MonoManager ReloadAssembly
Native extension for WindowsStandalone target not found
Native extension for WebGL target not found
Refreshing native plugins compatible for Editor in 0.57 ms, found 0 plugins.
Preloading 0 native plugins for Editor in 0.00 ms.
Mono: successfully reloaded assembly
- Completed reload, in  0.906 seconds
Platform modules already initialized, skipping
Refreshing native plugins compatible for Editor in 0.59 ms, found 0 plugins.
Preloading 0 native plugins for Editor in 0.00 ms.
Unloading 2104 Unused Serialized files (Serialized files now loaded: 0)
System memory in use before: 92.6 MB.
System memory in use after: 92.7 MB.

Unloading 40 unused Assets to reduce memory usage. Loaded Objects now: 2627.
Total: 5.435200 ms (FindLiveObjects: 0.156700 ms CreateObjectMapping: 0.080500 ms MarkObjects: 5.170500 ms  DeleteObjects: 0.026300 ms)

========================================================================
Received Prepare
Registering precompiled user dll's ...
Registered in 0.002229 seconds.
Begin MonoManager ReloadAssembly
Native extension for WindowsStandalone target not found
Native extension for WebGL target not found
Refreshing native plugins compatible for Editor in 0.58 ms, found 0 plugins.
Preloading 0 native plugins for Editor in 0.00 ms.
Mono: successfully reloaded assembly
- Completed reload, in  0.900 seconds
Platform modules already initialized, skipping
Refreshing native plugins compatible for Editor in 0.60 ms, found 0 plugins.
Preloading 0 native plugins for Editor in 0.00 ms.
Unloading 2104 Unused Serialized files (Serialized files now loaded: 0)
System memory in use before: 92.6 MB.
System memory in use after: 92.7 MB.

Unloading 40 unused Assets to reduce memory usage. Loaded Objects now: 2630.
Total: 5.058300 ms (FindLiveObjects: 0.150600 ms CreateObjectMapping: 0.072700 ms MarkObjects: 4.805100 ms  DeleteObjects: 0.028500 ms)

========================================================================
Received Prepare
Registering precompiled user dll's ...
Registered in 0.002229 seconds.
Begin MonoManager ReloadAssembly
Native extension for WindowsStandalone target not found
Native extension for WebGL target not found
Refreshing native plugins compatible for Editor in 0.56 ms, found 0 plugins.
Preloading 0 native plugins for Editor in 0.00 ms.
Mono: successfully reloaded assembly
- Completed reload, in  0.848 seconds
Platform modules already initialized, skipping
Refreshing native plugins compatible for Editor in 0.57 ms, found 0 plugins.
Preloading 0 native plugins for Editor in 0.00 ms.
Unloading 2104 Unused Serialized files (Serialized files now loaded: 0)
System memory in use before: 92.6 MB.
System memory in use after: 92.7 MB.

Unloading 40 unused Assets to reduce memory usage. Loaded Objects now: 2633.
Total: 5.108000 ms (FindLiveObjects: 0.164800 ms CreateObjectMapping: 0.078700 ms MarkObjects: 4.836300 ms  DeleteObjects: 0.026800 ms)

========================================================================
Received Prepare
Registering precompiled user dll's ...
Registered in 0.002159 seconds.
Begin MonoManager ReloadAssembly
Native extension for WindowsStandalone target not found
Native extension for WebGL target not found
Refreshing native plugins compatible for Editor in 0.57 ms, found 0 plugins.
Preloading 0 native plugins for Editor in 0.00 ms.
Mono: successfully reloaded assembly
- Completed reload, in  0.832 seconds
Platform modules already initialized, skipping
Refreshing native plugins compatible for Editor in 0.57 ms, found 0 plugins.
Preloading 0 native plugins for Editor in 0.00 ms.
Unloading 2104 Unused Serialized files (Serialized files now loaded: 0)
System memory in use before: 92.6 MB.
System memory in use after: 92.7 MB.

Unloading 40 unused Assets to reduce memory usage. Loaded Objects now: 2636.
Total: 4.866500 ms (FindLiveObjects: 0.146500 ms CreateObjectMapping: 0.070400 ms MarkObjects: 4.629100 ms  DeleteObjects: 0.019500 ms)

