Using pre-set license
Built from '2020.3/staging' branch; Version is '2020.3.9f1 (108be757e447) revision 1084391'; Using compiler version '192528614'; Build Type 'Release'
OS: 'Windows 10 Home; OS build 19043.1348; Version 2009; 64bit' Language: 'en' Physical Memory: 16329 MB
BatchMode: 1, IsHumanControllingUs: 0, StartBugReporterOnCrash: 0, Is64bit: 1, IsPro: 0

 COMMAND LINE ARGUMENTS:
A:\UNITY_EDITORS\2020.3.9f1\Editor\Unity.exe
-adb2
-batchMode
-noUpm
-name
AssetImportWorker0
-projectPath
C:/Users/darc/Desktop/GAME NARRATIVE AND WORLDBUILDING/Excidium
-logFile
Logs/AssetImportWorker0.log
-srvPort
60398
Successfully changed project path to: C:/Users/darc/Desktop/GAME NARRATIVE AND WORLDBUILDING/Excidium
C:/Users/darc/Desktop/GAME NARRATIVE AND WORLDBUILDING/Excidium
Using Asset Import Pipeline V2.
Refreshing native plugins compatible for Editor in 50.37 ms, found 0 plugins.
Preloading 0 native plugins for Editor in 0.00 ms.
Initialize engine version: 2020.3.9f1 (108be757e447)
[Subsystems] Discovering subsystems at path A:/UNITY_EDITORS/2020.3.9f1/Editor/Data/Resources/UnitySubsystems
[Subsystems] Discovering subsystems at path C:/Users/darc/Desktop/GAME NARRATIVE AND WORLDBUILDING/Excidium/Assets
GfxDevice: creating device client; threaded=0
Direct3D:
    Version:  Direct3D 11.0 [level 11.1]
    Renderer: NVIDIA GeForce GTX 1060 6GB (ID=0x1c03)
    Vendor:   
    VRAM:     6052 MB
    Driver:   30.0.14.9613
Initialize mono
Mono path[0] = 'A:/UNITY_EDITORS/2020.3.9f1/Editor/Data/Managed'
Mono path[1] = 'A:/UNITY_EDITORS/2020.3.9f1/Editor/Data/MonoBleedingEdge/lib/mono/unityjit'
Mono config path = 'A:/UNITY_EDITORS/2020.3.9f1/Editor/Data/MonoBleedingEdge/etc'
Using monoOptions --debugger-agent=transport=dt_socket,embedding=1,server=y,suspend=n,address=127.0.0.1:56448
Begin MonoManager ReloadAssembly
Registering precompiled unity dll's ...
Register platform support module: A:/UNITY_EDITORS/2020.3.9f1/Editor/Data/PlaybackEngines/WebGLSupport/UnityEditor.WebGL.Extensions.dll
Register platform support module: A:/UNITY_EDITORS/2020.3.9f1/Editor/Data/PlaybackEngines/WindowsStandaloneSupport/UnityEditor.WindowsStandalone.Extensions.dll
Registered in 0.001247 seconds.
Native extension for WindowsStandalone target not found
Native extension for WebGL target not found
Refreshing native plugins compatible for Editor in 43.54 ms, found 0 plugins.
Preloading 0 native plugins for Editor in 0.00 ms.
Mono: successfully reloaded assembly
- Completed reload, in  1.243 seconds
Platform modules already initialized, skipping
Registering precompiled user dll's ...
Registered in 0.002113 seconds.
Begin MonoManager ReloadAssembly
Native extension for WindowsStandalone target not found
Native extension for WebGL target not found
Refreshing native plugins compatible for Editor in 41.69 ms, found 0 plugins.
Preloading 0 native plugins for Editor in 0.00 ms.
Mono: successfully reloaded assembly
- Completed reload, in  0.826 seconds
Platform modules already initialized, skipping
========================================================================
Worker process is ready to serve import requests
Launched and connected shader compiler UnityShaderCompiler.exe after 0.06 seconds
Refreshing native plugins compatible for Editor in 0.42 ms, found 0 plugins.
Preloading 0 native plugins for Editor in 0.00 ms.
Unloading 1891 Unused Serialized files (Serialized files now loaded: 0)
System memory in use before: 88.5 MB.
System memory in use after: 88.6 MB.

Unloading 36 unused Assets to reduce memory usage. Loaded Objects now: 2328.
Total: 1.871800 ms (FindLiveObjects: 0.144900 ms CreateObjectMapping: 0.051600 ms MarkObjects: 1.601900 ms  DeleteObjects: 0.072600 ms)

========================================================================
Received Import Request.
  path: Assets/Sprites/Internal_0_1.png
  artifactKey: Guid(fef74fcee5ad1d548af557eba93fb341) Importer(815301076,1909f56bfc062723c751e8b465ee728b)
Start importing Assets/Sprites/Internal_0_1.png using Guid(fef74fcee5ad1d548af557eba93fb341) Importer(815301076,1909f56bfc062723c751e8b465ee728b)  -> (artifact id: 'dbc7b3ef058735c5984c36659ba530c7') in 0.106918 seconds
  Import took 0.109456 seconds .

========================================================================
Received Import Request.
  Time since last request: 69.872910 seconds.
  path: Assets/Sprites/Internal_0_1.1.png
  artifactKey: Guid(c9c9dda1c44096c409cd66162a36e340) Importer(815301076,1909f56bfc062723c751e8b465ee728b)
Start importing Assets/Sprites/Internal_0_1.1.png using Guid(c9c9dda1c44096c409cd66162a36e340) Importer(815301076,1909f56bfc062723c751e8b465ee728b)  -> (artifact id: '9ac42b673d211de929182eca3cd63c93') in 0.011039 seconds
  Import took 0.014064 seconds .

========================================================================
Received Import Request.
  Time since last request: 0.000236 seconds.
  path: Assets/Sprites/Internal_0_1.3.png
  artifactKey: Guid(aff9ea22dcda09d49a4d9f0ffc6ecc82) Importer(815301076,1909f56bfc062723c751e8b465ee728b)
Start importing Assets/Sprites/Internal_0_1.3.png using Guid(aff9ea22dcda09d49a4d9f0ffc6ecc82) Importer(815301076,1909f56bfc062723c751e8b465ee728b)  -> (artifact id: '61d81573552b227dc854a5aa79bc35d1') in 0.011948 seconds
  Import took 0.038528 seconds .

========================================================================
Received Import Request.
  Time since last request: 0.000261 seconds.
  path: Assets/Sprites/Internal_0_1.2.png
  artifactKey: Guid(c2a574215f602a14cac840957d06bd5b) Importer(815301076,1909f56bfc062723c751e8b465ee728b)
Start importing Assets/Sprites/Internal_0_1.2.png using Guid(c2a574215f602a14cac840957d06bd5b) Importer(815301076,1909f56bfc062723c751e8b465ee728b)  -> (artifact id: 'aed8259c6afe7052561bda65362b7b1d') in 0.010452 seconds
  Import took 0.013382 seconds .

========================================================================
Received Import Request.
  Time since last request: 11.162546 seconds.
  path: Assets/Sprites/Internal_0_1.2.png
  artifactKey: Guid(c2a574215f602a14cac840957d06bd5b) Importer(815301076,1909f56bfc062723c751e8b465ee728b)
Start importing Assets/Sprites/Internal_0_1.2.png using Guid(c2a574215f602a14cac840957d06bd5b) Importer(815301076,1909f56bfc062723c751e8b465ee728b)  -> (artifact id: '84ee2a4b28bbd7e1954fd89a12eff77d') in 0.021878 seconds
  Import took 0.024880 seconds .

========================================================================
Received Import Request.
  Time since last request: 0.001379 seconds.
  path: Assets/Sprites/Internal_0_1.1.png
  artifactKey: Guid(c9c9dda1c44096c409cd66162a36e340) Importer(815301076,1909f56bfc062723c751e8b465ee728b)
Start importing Assets/Sprites/Internal_0_1.1.png using Guid(c9c9dda1c44096c409cd66162a36e340) Importer(815301076,1909f56bfc062723c751e8b465ee728b)  -> (artifact id: '8e1bc770d60a467deff3dc0b4d6296c9') in 0.009269 seconds
  Import took 0.012189 seconds .

========================================================================
Received Import Request.
  Time since last request: 0.000261 seconds.
  path: Assets/Sprites/Internal_0_1.3.png
  artifactKey: Guid(aff9ea22dcda09d49a4d9f0ffc6ecc82) Importer(815301076,1909f56bfc062723c751e8b465ee728b)
Start importing Assets/Sprites/Internal_0_1.3.png using Guid(aff9ea22dcda09d49a4d9f0ffc6ecc82) Importer(815301076,1909f56bfc062723c751e8b465ee728b)  -> (artifact id: 'e411942c1258887c07b1cbfaf83123e5') in 0.009170 seconds
  Import took 0.011916 seconds .

========================================================================
Received Import Request.
  Time since last request: 49.564273 seconds.
  path: Assets/Sprites/Internal_0_3.png
  artifactKey: Guid(7a7a16343fe30574e9aa1fb41f716cbc) Importer(815301076,1909f56bfc062723c751e8b465ee728b)
Start importing Assets/Sprites/Internal_0_3.png using Guid(7a7a16343fe30574e9aa1fb41f716cbc) Importer(815301076,1909f56bfc062723c751e8b465ee728b)  -> (artifact id: '6a766b5f897c3f96c7b9a60ceb98b7a3') in 0.010946 seconds
  Import took 0.014406 seconds .

========================================================================
Received Import Request.
  Time since last request: 0.023774 seconds.
  path: Assets/Sprites/Internal_0_3.png
  artifactKey: Guid(7a7a16343fe30574e9aa1fb41f716cbc) Importer(815301076,1909f56bfc062723c751e8b465ee728b)
Start importing Assets/Sprites/Internal_0_3.png using Guid(7a7a16343fe30574e9aa1fb41f716cbc) Importer(815301076,1909f56bfc062723c751e8b465ee728b)  -> (artifact id: '6a766b5f897c3f96c7b9a60ceb98b7a3') in 0.008321 seconds
  Import took 0.011423 seconds .

========================================================================
Received Import Request.
  Time since last request: 90.033954 seconds.
  path: Assets/Sprites/Internal_0_3.1.png
  artifactKey: Guid(837d3904e4f4fa345b1eb4667d98fb3c) Importer(815301076,1909f56bfc062723c751e8b465ee728b)
Start importing Assets/Sprites/Internal_0_3.1.png using Guid(837d3904e4f4fa345b1eb4667d98fb3c) Importer(815301076,1909f56bfc062723c751e8b465ee728b)  -> (artifact id: 'c24770567bf13fc5f4d511ac95e19f5a') in 0.008621 seconds
  Import took 0.011736 seconds .

========================================================================
Received Import Request.
  Time since last request: 0.000284 seconds.
  path: Assets/Sprites/Internal_0_3.3.png
  artifactKey: Guid(9cae2fb4786e3f740b4c566d3e2fe228) Importer(815301076,1909f56bfc062723c751e8b465ee728b)
Start importing Assets/Sprites/Internal_0_3.3.png using Guid(9cae2fb4786e3f740b4c566d3e2fe228) Importer(815301076,1909f56bfc062723c751e8b465ee728b)  -> (artifact id: 'ffeb0da400f4640c2919c9fb1b97c94e') in 0.010583 seconds
  Import took 0.013602 seconds .

========================================================================
Received Import Request.
  Time since last request: 0.000208 seconds.
  path: Assets/Sprites/Internal_0_3.2.png
  artifactKey: Guid(13a7ec2e975f6d4488f026f588cb8263) Importer(815301076,1909f56bfc062723c751e8b465ee728b)
Start importing Assets/Sprites/Internal_0_3.2.png using Guid(13a7ec2e975f6d4488f026f588cb8263) Importer(815301076,1909f56bfc062723c751e8b465ee728b)  -> (artifact id: 'cfd7c273e6c435c689f0c7b041e4ef56') in 0.014233 seconds
  Import took 0.017767 seconds .

========================================================================
Received Import Request.
  Time since last request: 17.878805 seconds.
  path: Assets/Sprites/Internal_0_3.1.png
  artifactKey: Guid(837d3904e4f4fa345b1eb4667d98fb3c) Importer(815301076,1909f56bfc062723c751e8b465ee728b)
Start importing Assets/Sprites/Internal_0_3.1.png using Guid(837d3904e4f4fa345b1eb4667d98fb3c) Importer(815301076,1909f56bfc062723c751e8b465ee728b)  -> (artifact id: 'f5d95392b55b418fa4bc579dc4ea9ad7') in 0.010005 seconds
  Import took 0.012819 seconds .

========================================================================
Received Import Request.
  Time since last request: 0.030048 seconds.
  path: Assets/Sprites/Internal_0_3.1.png
  artifactKey: Guid(837d3904e4f4fa345b1eb4667d98fb3c) Importer(815301076,1909f56bfc062723c751e8b465ee728b)
Start importing Assets/Sprites/Internal_0_3.1.png using Guid(837d3904e4f4fa345b1eb4667d98fb3c) Importer(815301076,1909f56bfc062723c751e8b465ee728b)  -> (artifact id: 'f5d95392b55b418fa4bc579dc4ea9ad7') in 0.024936 seconds
  Import took 0.027684 seconds .

========================================================================
Received Import Request.
  Time since last request: 0.000217 seconds.
  path: Assets/Sprites/Internal_0_3.3.png
  artifactKey: Guid(9cae2fb4786e3f740b4c566d3e2fe228) Importer(815301076,1909f56bfc062723c751e8b465ee728b)
Start importing Assets/Sprites/Internal_0_3.3.png using Guid(9cae2fb4786e3f740b4c566d3e2fe228) Importer(815301076,1909f56bfc062723c751e8b465ee728b)  -> (artifact id: 'c74c0b2e3f250516edce5399ea9f0fc0') in 0.013298 seconds
  Import took 0.016289 seconds .

========================================================================
Received Import Request.
  Time since last request: 0.000208 seconds.
  path: Assets/Sprites/Internal_0_3.2.png
  artifactKey: Guid(13a7ec2e975f6d4488f026f588cb8263) Importer(815301076,1909f56bfc062723c751e8b465ee728b)
Start importing Assets/Sprites/Internal_0_3.2.png using Guid(13a7ec2e975f6d4488f026f588cb8263) Importer(815301076,1909f56bfc062723c751e8b465ee728b)  -> (artifact id: '54f8aa93f692d3b078220842cbaa6e0b') in 0.009495 seconds
  Import took 0.012231 seconds .

========================================================================
Received Import Request.
  Time since last request: 81.097004 seconds.
  path: Assets/Sprites/Internal_1_0.png
  artifactKey: Guid(5179461d0f12ba242a1d625054ee4525) Importer(815301076,1909f56bfc062723c751e8b465ee728b)
Start importing Assets/Sprites/Internal_1_0.png using Guid(5179461d0f12ba242a1d625054ee4525) Importer(815301076,1909f56bfc062723c751e8b465ee728b)  -> (artifact id: '160cd2cad1010172def7f07be2883900') in 0.023399 seconds
  Import took 0.049695 seconds .

========================================================================
Received Import Request.
  Time since last request: 21.128436 seconds.
  path: Assets/Sprites/Internal_1_1.png
  artifactKey: Guid(aa56fceb5b2332843a1f09b51aaa64d3) Importer(815301076,1909f56bfc062723c751e8b465ee728b)
Start importing Assets/Sprites/Internal_1_1.png using Guid(aa56fceb5b2332843a1f09b51aaa64d3) Importer(815301076,1909f56bfc062723c751e8b465ee728b)  -> (artifact id: '11d16f89e8ef13fde925b008776f7b1c') in 0.010161 seconds
  Import took 0.012988 seconds .

========================================================================
Received Import Request.
  Time since last request: 0.018954 seconds.
  path: Assets/Sprites/Internal_1_1.png
  artifactKey: Guid(aa56fceb5b2332843a1f09b51aaa64d3) Importer(815301076,1909f56bfc062723c751e8b465ee728b)
Start importing Assets/Sprites/Internal_1_1.png using Guid(aa56fceb5b2332843a1f09b51aaa64d3) Importer(815301076,1909f56bfc062723c751e8b465ee728b)  -> (artifact id: '11d16f89e8ef13fde925b008776f7b1c') in 0.006654 seconds
  Import took 0.009487 seconds .

========================================================================
Received Import Request.
  Time since last request: 40.474651 seconds.
  path: Assets/Sprites/Internal_1_1.1.png
  artifactKey: Guid(cf72270b07c068c4a929552cf309a5fe) Importer(815301076,1909f56bfc062723c751e8b465ee728b)
Start importing Assets/Sprites/Internal_1_1.1.png using Guid(cf72270b07c068c4a929552cf309a5fe) Importer(815301076,1909f56bfc062723c751e8b465ee728b)  -> (artifact id: '5eb3c268950773fcd623611683a62476') in 0.008112 seconds
  Import took 0.011073 seconds .

========================================================================
Received Import Request.
  Time since last request: 0.000277 seconds.
  path: Assets/Sprites/Internal_1_1.3.png
  artifactKey: Guid(9ab032a45724df14db1dbd1c8ec9de51) Importer(815301076,1909f56bfc062723c751e8b465ee728b)
Start importing Assets/Sprites/Internal_1_1.3.png using Guid(9ab032a45724df14db1dbd1c8ec9de51) Importer(815301076,1909f56bfc062723c751e8b465ee728b)  -> (artifact id: 'e0c9dd6d373067def91b8c87a761194b') in 0.009148 seconds
  Import took 0.011636 seconds .

========================================================================
Received Import Request.
  Time since last request: 0.000262 seconds.
  path: Assets/Sprites/Internal_1_1.2.png
  artifactKey: Guid(0728134aef47cf5458125de2db862d75) Importer(815301076,1909f56bfc062723c751e8b465ee728b)
Start importing Assets/Sprites/Internal_1_1.2.png using Guid(0728134aef47cf5458125de2db862d75) Importer(815301076,1909f56bfc062723c751e8b465ee728b)  -> (artifact id: '317897bc03bec01755e7a9dadfd4f799') in 0.008434 seconds
  Import took 0.010902 seconds .

========================================================================
Received Import Request.
  Time since last request: 10.725408 seconds.
  path: Assets/Sprites/Internal_1_1.3.png
  artifactKey: Guid(9ab032a45724df14db1dbd1c8ec9de51) Importer(815301076,1909f56bfc062723c751e8b465ee728b)
Start importing Assets/Sprites/Internal_1_1.3.png using Guid(9ab032a45724df14db1dbd1c8ec9de51) Importer(815301076,1909f56bfc062723c751e8b465ee728b)  -> (artifact id: '4a2532790fcfd51b81db3b8132336531') in 0.010950 seconds
  Import took 0.013604 seconds .

========================================================================
Received Import Request.
  Time since last request: 0.018672 seconds.
  path: Assets/Sprites/Internal_1_1.1.png
  artifactKey: Guid(cf72270b07c068c4a929552cf309a5fe) Importer(815301076,1909f56bfc062723c751e8b465ee728b)
Start importing Assets/Sprites/Internal_1_1.1.png using Guid(cf72270b07c068c4a929552cf309a5fe) Importer(815301076,1909f56bfc062723c751e8b465ee728b)  -> (artifact id: '3046ee39904893613d9c0fb0f65995ef') in 0.010871 seconds
  Import took 0.013613 seconds .

========================================================================
Received Import Request.
  Time since last request: 0.000261 seconds.
  path: Assets/Sprites/Internal_1_1.2.png
  artifactKey: Guid(0728134aef47cf5458125de2db862d75) Importer(815301076,1909f56bfc062723c751e8b465ee728b)
Start importing Assets/Sprites/Internal_1_1.2.png using Guid(0728134aef47cf5458125de2db862d75) Importer(815301076,1909f56bfc062723c751e8b465ee728b)  -> (artifact id: '47538594644e5604378cb8841109bac2') in 0.009437 seconds
  Import took 0.011936 seconds .

========================================================================
Received Import Request.
  Time since last request: 180.311925 seconds.
  path: Assets/Sprites/Internal_1_2.png
  artifactKey: Guid(450f6a1ad02b6b94bb3c2df6b34c6d6d) Importer(815301076,1909f56bfc062723c751e8b465ee728b)
Start importing Assets/Sprites/Internal_1_2.png using Guid(450f6a1ad02b6b94bb3c2df6b34c6d6d) Importer(815301076,1909f56bfc062723c751e8b465ee728b)  -> (artifact id: '689c2897978658186835e17774e25064') in 0.014273 seconds
  Import took 0.044879 seconds .

========================================================================
Received Import Request.
  Time since last request: 0.000260 seconds.
  path: Assets/Sprites/Internal_2_0.png
  artifactKey: Guid(bfd62ffa803117746ab7f7ccf7e98141) Importer(815301076,1909f56bfc062723c751e8b465ee728b)
Start importing Assets/Sprites/Internal_2_0.png using Guid(bfd62ffa803117746ab7f7ccf7e98141) Importer(815301076,1909f56bfc062723c751e8b465ee728b)  -> (artifact id: '482da50577e50a52db551faced7e6e6c') in 0.029062 seconds
  Import took 0.032185 seconds .

========================================================================
Received Import Request.
  Time since last request: 0.000208 seconds.
  path: Assets/Sprites/Internal_1_3.png
  artifactKey: Guid(486225bd1a0c8b5449866b86b562f649) Importer(815301076,1909f56bfc062723c751e8b465ee728b)
Start importing Assets/Sprites/Internal_1_3.png using Guid(486225bd1a0c8b5449866b86b562f649) Importer(815301076,1909f56bfc062723c751e8b465ee728b)  -> (artifact id: 'e93f9b3f952de0f734245b40c388a4ca') in 0.008959 seconds
  Import took 0.011541 seconds .

========================================================================
Received Import Request.
  Time since last request: 0.000251 seconds.
  path: Assets/Sprites/Internal_2_1.png
  artifactKey: Guid(18979b19a1d53ca4096cb0ca4c3add3b) Importer(815301076,1909f56bfc062723c751e8b465ee728b)
Start importing Assets/Sprites/Internal_2_1.png using Guid(18979b19a1d53ca4096cb0ca4c3add3b) Importer(815301076,1909f56bfc062723c751e8b465ee728b)  -> (artifact id: '744036e7292e7bad41ffdc3ee32c111d') in 0.009801 seconds
  Import took 0.012701 seconds .

========================================================================
Received Import Request.
  Time since last request: 0.000262 seconds.
  path: Assets/Sprites/Internal_2_3.png
  artifactKey: Guid(ae47ca9e6da2d034fad6a317247c218e) Importer(815301076,1909f56bfc062723c751e8b465ee728b)
Start importing Assets/Sprites/Internal_2_3.png using Guid(ae47ca9e6da2d034fad6a317247c218e) Importer(815301076,1909f56bfc062723c751e8b465ee728b)  -> (artifact id: '8a339e5f2e2069d0e3c3e43bd8865d01') in 0.009505 seconds
  Import took 0.012511 seconds .

========================================================================
Received Import Request.
  Time since last request: 77.356980 seconds.
  path: Assets/Sprites/Internal_1_3.1.png
  artifactKey: Guid(a71c577cddc5b55488b9d30d8bee858e) Importer(815301076,1909f56bfc062723c751e8b465ee728b)
Start importing Assets/Sprites/Internal_1_3.1.png using Guid(a71c577cddc5b55488b9d30d8bee858e) Importer(815301076,1909f56bfc062723c751e8b465ee728b)  -> (artifact id: 'fed5248ad01716dfa02603c898acd379') in 0.008565 seconds
  Import took 0.011745 seconds .

========================================================================
Received Import Request.
  Time since last request: 0.000261 seconds.
  path: Assets/Sprites/Internal_1_3.2.png
  artifactKey: Guid(b7717faaf9b7c394e8174b3bff4415f5) Importer(815301076,1909f56bfc062723c751e8b465ee728b)
Start importing Assets/Sprites/Internal_1_3.2.png using Guid(b7717faaf9b7c394e8174b3bff4415f5) Importer(815301076,1909f56bfc062723c751e8b465ee728b)  -> (artifact id: '25c2e12236a333c8114ab46396504b31') in 0.007843 seconds
  Import took 0.010948 seconds .

========================================================================
Received Import Request.
  Time since last request: 0.000266 seconds.
  path: Assets/Sprites/Internal_1_3.3.png
  artifactKey: Guid(a677e04a5a6da554881f5d65de90aa9e) Importer(815301076,1909f56bfc062723c751e8b465ee728b)
Start importing Assets/Sprites/Internal_1_3.3.png using Guid(a677e04a5a6da554881f5d65de90aa9e) Importer(815301076,1909f56bfc062723c751e8b465ee728b)  -> (artifact id: 'b7acceed3a93d1cec3efbd6aa7ca6001') in 0.008935 seconds
  Import took 0.028689 seconds .

========================================================================
Received Import Request.
  Time since last request: 12.636315 seconds.
  path: Assets/Sprites/Internal_1_3.3.png
  artifactKey: Guid(a677e04a5a6da554881f5d65de90aa9e) Importer(815301076,1909f56bfc062723c751e8b465ee728b)
Start importing Assets/Sprites/Internal_1_3.3.png using Guid(a677e04a5a6da554881f5d65de90aa9e) Importer(815301076,1909f56bfc062723c751e8b465ee728b)  -> (artifact id: 'a2e3cc0624dbcf3ce4dcf99c85b9dba8') in 0.009617 seconds
  Import took 0.012243 seconds .

========================================================================
Received Import Request.
  Time since last request: 0.019483 seconds.
  path: Assets/Sprites/Internal_1_3.1.png
  artifactKey: Guid(a71c577cddc5b55488b9d30d8bee858e) Importer(815301076,1909f56bfc062723c751e8b465ee728b)
Start importing Assets/Sprites/Internal_1_3.1.png using Guid(a71c577cddc5b55488b9d30d8bee858e) Importer(815301076,1909f56bfc062723c751e8b465ee728b)  -> (artifact id: '0a91d9432dabbf8ffe314af7397c805b') in 0.009146 seconds
  Import took 0.026581 seconds .

========================================================================
Received Import Request.
  Time since last request: 0.000266 seconds.
  path: Assets/Sprites/Internal_1_3.2.png
  artifactKey: Guid(b7717faaf9b7c394e8174b3bff4415f5) Importer(815301076,1909f56bfc062723c751e8b465ee728b)
Start importing Assets/Sprites/Internal_1_3.2.png using Guid(b7717faaf9b7c394e8174b3bff4415f5) Importer(815301076,1909f56bfc062723c751e8b465ee728b)  -> (artifact id: 'f791c95ac8526cc36691fd7604f2c371') in 0.010183 seconds
  Import took 0.013193 seconds .

========================================================================
Received Import Request.
  Time since last request: 77.844714 seconds.
  path: Assets/Sprites/Internal_3_0.png
  artifactKey: Guid(e0e1f53ba94f55844a97c63d44541321) Importer(815301076,1909f56bfc062723c751e8b465ee728b)
Start importing Assets/Sprites/Internal_3_0.png using Guid(e0e1f53ba94f55844a97c63d44541321) Importer(815301076,1909f56bfc062723c751e8b465ee728b)  -> (artifact id: 'de7d091e8ec8a527d8200e5e7805a603') in 0.010599 seconds
  Import took 0.013740 seconds .

========================================================================
Received Import Request.
  Time since last request: 0.017426 seconds.
  path: Assets/Sprites/Internal_3_0.png
  artifactKey: Guid(e0e1f53ba94f55844a97c63d44541321) Importer(815301076,1909f56bfc062723c751e8b465ee728b)
Start importing Assets/Sprites/Internal_3_0.png using Guid(e0e1f53ba94f55844a97c63d44541321) Importer(815301076,1909f56bfc062723c751e8b465ee728b)  -> (artifact id: 'de7d091e8ec8a527d8200e5e7805a603') in 0.006334 seconds
  Import took 0.009081 seconds .

========================================================================
Received Import Request.
  Time since last request: 0.000301 seconds.
  path: Assets/Sprites/Internal_3_3.png
  artifactKey: Guid(6870eb3c545130e4a85156592706a8a5) Importer(815301076,1909f56bfc062723c751e8b465ee728b)
Start importing Assets/Sprites/Internal_3_3.png using Guid(6870eb3c545130e4a85156592706a8a5) Importer(815301076,1909f56bfc062723c751e8b465ee728b)  -> (artifact id: 'c136a95bc2b2b86b9acea11b7ad69923') in 0.009279 seconds
  Import took 0.012075 seconds .

========================================================================
Received Import Request.
  Time since last request: 0.000275 seconds.
  path: Assets/Sprites/Internal_3_2.png
  artifactKey: Guid(a2cb023dad8752f49b0ebb8cab34eb23) Importer(815301076,1909f56bfc062723c751e8b465ee728b)
Start importing Assets/Sprites/Internal_3_2.png using Guid(a2cb023dad8752f49b0ebb8cab34eb23) Importer(815301076,1909f56bfc062723c751e8b465ee728b)  -> (artifact id: 'e002203ca7d3a6ade0dfc0ffc609a1b3') in 0.009692 seconds
  Import took 0.012362 seconds .

========================================================================
Received Import Request.
  Time since last request: 0.000275 seconds.
  path: Assets/Sprites/Internal_3_1.png
  artifactKey: Guid(37dd32c85bc15b34ba92c3ea67106649) Importer(815301076,1909f56bfc062723c751e8b465ee728b)
Start importing Assets/Sprites/Internal_3_1.png using Guid(37dd32c85bc15b34ba92c3ea67106649) Importer(815301076,1909f56bfc062723c751e8b465ee728b)  -> (artifact id: '82027cbb51002206c1b8ddc13a87c484') in 0.010069 seconds
  Import took 0.012656 seconds .

========================================================================
Received Import Request.
  Time since last request: 22.396535 seconds.
  path: Assets/Sprites/Internal_1_2.1.png
  artifactKey: Guid(8c14f7f84dc76be41a7407f1ee9f43dd) Importer(815301076,1909f56bfc062723c751e8b465ee728b)
Start importing Assets/Sprites/Internal_1_2.1.png using Guid(8c14f7f84dc76be41a7407f1ee9f43dd) Importer(815301076,1909f56bfc062723c751e8b465ee728b)  -> (artifact id: '01d240141db85ff1fae2b6c30512b251') in 0.009680 seconds
  Import took 0.012658 seconds .

========================================================================
Received Import Request.
  Time since last request: 0.000248 seconds.
  path: Assets/Sprites/Internal_1_2.2.png
  artifactKey: Guid(964160fd1042acd4bb33edab0f005c8f) Importer(815301076,1909f56bfc062723c751e8b465ee728b)
Start importing Assets/Sprites/Internal_1_2.2.png using Guid(964160fd1042acd4bb33edab0f005c8f) Importer(815301076,1909f56bfc062723c751e8b465ee728b)  -> (artifact id: '3733a1b5a7a34a027a62243e38c5af38') in 0.009237 seconds
  Import took 0.011893 seconds .

========================================================================
Received Import Request.
  Time since last request: 0.000234 seconds.
  path: Assets/Sprites/Internal_1_2.3.png
  artifactKey: Guid(1be729d410057ae488aa58fb989b83e4) Importer(815301076,1909f56bfc062723c751e8b465ee728b)
Start importing Assets/Sprites/Internal_1_2.3.png using Guid(1be729d410057ae488aa58fb989b83e4) Importer(815301076,1909f56bfc062723c751e8b465ee728b)  -> (artifact id: '97dfe4a94aedf72f5a1169e02f1eb0dc') in 0.009191 seconds
  Import took 0.012165 seconds .

========================================================================
Received Import Request.
  Time since last request: 11.444238 seconds.
  path: Assets/Sprites/Internal_1_2.1.png
  artifactKey: Guid(8c14f7f84dc76be41a7407f1ee9f43dd) Importer(815301076,1909f56bfc062723c751e8b465ee728b)
Start importing Assets/Sprites/Internal_1_2.1.png using Guid(8c14f7f84dc76be41a7407f1ee9f43dd) Importer(815301076,1909f56bfc062723c751e8b465ee728b)  -> (artifact id: '9fa1a065469ec2ed0ff11e04a441ee37') in 0.033913 seconds
  Import took 0.036740 seconds .

========================================================================
Received Import Request.
  Time since last request: 0.016655 seconds.
  path: Assets/Sprites/Internal_1_2.1.png
  artifactKey: Guid(8c14f7f84dc76be41a7407f1ee9f43dd) Importer(815301076,1909f56bfc062723c751e8b465ee728b)
Start importing Assets/Sprites/Internal_1_2.1.png using Guid(8c14f7f84dc76be41a7407f1ee9f43dd) Importer(815301076,1909f56bfc062723c751e8b465ee728b)  -> (artifact id: '9fa1a065469ec2ed0ff11e04a441ee37') in 0.006058 seconds
  Import took 0.008886 seconds .

========================================================================
Received Import Request.
  Time since last request: 0.000202 seconds.
  path: Assets/Sprites/Internal_1_2.2.png
  artifactKey: Guid(964160fd1042acd4bb33edab0f005c8f) Importer(815301076,1909f56bfc062723c751e8b465ee728b)
Start importing Assets/Sprites/Internal_1_2.2.png using Guid(964160fd1042acd4bb33edab0f005c8f) Importer(815301076,1909f56bfc062723c751e8b465ee728b)  -> (artifact id: '36ba96d71fe0240e0d622471d633399c') in 0.008800 seconds
  Import took 0.011306 seconds .

========================================================================
Received Import Request.
  Time since last request: 0.000180 seconds.
  path: Assets/Sprites/Internal_1_2.3.png
  artifactKey: Guid(1be729d410057ae488aa58fb989b83e4) Importer(815301076,1909f56bfc062723c751e8b465ee728b)
Start importing Assets/Sprites/Internal_1_2.3.png using Guid(1be729d410057ae488aa58fb989b83e4) Importer(815301076,1909f56bfc062723c751e8b465ee728b)  -> (artifact id: 'c93b1b8c08c5645d0ce46ab73bf3b52d') in 0.010235 seconds
  Import took 0.013174 seconds .

========================================================================
Received Import Request.
  Time since last request: 0.005974 seconds.
  path: Assets/Sprites/Internal_1_2.2.png
  artifactKey: Guid(964160fd1042acd4bb33edab0f005c8f) Importer(815301076,1909f56bfc062723c751e8b465ee728b)
Start importing Assets/Sprites/Internal_1_2.2.png using Guid(964160fd1042acd4bb33edab0f005c8f) Importer(815301076,1909f56bfc062723c751e8b465ee728b)  -> (artifact id: '36ba96d71fe0240e0d622471d633399c') in 0.005961 seconds
  Import took 0.009437 seconds .

========================================================================
Received Import Request.
  Time since last request: 117.553781 seconds.
  path: Assets/Sprites/Internal_2_1.1.png
  artifactKey: Guid(0d5532847a6f2294593ffbaa09091471) Importer(815301076,1909f56bfc062723c751e8b465ee728b)
Start importing Assets/Sprites/Internal_2_1.1.png using Guid(0d5532847a6f2294593ffbaa09091471) Importer(815301076,1909f56bfc062723c751e8b465ee728b)  -> (artifact id: 'a85e4ae83252031f414a1e8bd2214bb6') in 0.008613 seconds
  Import took 0.011811 seconds .

========================================================================
Received Import Request.
  Time since last request: 0.000197 seconds.
  path: Assets/Sprites/Internal_2_1.3.png
  artifactKey: Guid(97e7520b91ecb5f468c538abd6dcb46c) Importer(815301076,1909f56bfc062723c751e8b465ee728b)
Start importing Assets/Sprites/Internal_2_1.3.png using Guid(97e7520b91ecb5f468c538abd6dcb46c) Importer(815301076,1909f56bfc062723c751e8b465ee728b)  -> (artifact id: 'b8aadc9faaccc3ae784af0fc5f6fe5bb') in 0.008001 seconds
  Import took 0.025753 seconds .

========================================================================
Received Import Request.
  Time since last request: 0.000273 seconds.
  path: Assets/Sprites/Internal_2_1.2.png
  artifactKey: Guid(d86e0bd58a7f8c74ab1fbba9eb3d0a55) Importer(815301076,1909f56bfc062723c751e8b465ee728b)
Start importing Assets/Sprites/Internal_2_1.2.png using Guid(d86e0bd58a7f8c74ab1fbba9eb3d0a55) Importer(815301076,1909f56bfc062723c751e8b465ee728b)  -> (artifact id: '91394ef0d391bef7f28c6925b72567eb') in 0.008695 seconds
  Import took 0.011194 seconds .

========================================================================
Received Import Request.
  Time since last request: 0.000277 seconds.
  path: Assets/Sprites/Internal_2_2.3.png
  artifactKey: Guid(af70e51951cc55647bf5c5362d7d967f) Importer(815301076,1909f56bfc062723c751e8b465ee728b)
Start importing Assets/Sprites/Internal_2_2.3.png using Guid(af70e51951cc55647bf5c5362d7d967f) Importer(815301076,1909f56bfc062723c751e8b465ee728b)  -> (artifact id: '8705c289f8a80803c42df1f6b6d64768') in 0.008241 seconds
  Import took 0.016572 seconds .

========================================================================
Received Import Request.
  Time since last request: 0.000201 seconds.
  path: Assets/Sprites/Internal_2_2.1.png
  artifactKey: Guid(9e5add4cb68c963479966392324958a9) Importer(815301076,1909f56bfc062723c751e8b465ee728b)
Start importing Assets/Sprites/Internal_2_2.1.png using Guid(9e5add4cb68c963479966392324958a9) Importer(815301076,1909f56bfc062723c751e8b465ee728b)  -> (artifact id: '9824e0750ab741ed2f182efdd8a4257f') in 0.008078 seconds
  Import took 0.021093 seconds .

========================================================================
Received Import Request.
  Time since last request: 0.000199 seconds.
  path: Assets/Sprites/Internal_2_2.2.png
  artifactKey: Guid(425647305401d05458d919e57d6add4f) Importer(815301076,1909f56bfc062723c751e8b465ee728b)
Start importing Assets/Sprites/Internal_2_2.2.png using Guid(425647305401d05458d919e57d6add4f) Importer(815301076,1909f56bfc062723c751e8b465ee728b)  -> (artifact id: 'dab7a4e2c0435df631c5025b67f57c9a') in 0.034816 seconds
  Import took 0.037377 seconds .

========================================================================
Received Import Request.
  Time since last request: 0.000230 seconds.
  path: Assets/Sprites/Internal_2_2.1.png
  artifactKey: Guid(9e5add4cb68c963479966392324958a9) Importer(815301076,1909f56bfc062723c751e8b465ee728b)
Start importing Assets/Sprites/Internal_2_2.1.png using Guid(9e5add4cb68c963479966392324958a9) Importer(815301076,1909f56bfc062723c751e8b465ee728b)  -> (artifact id: '9824e0750ab741ed2f182efdd8a4257f') in 0.004282 seconds
  Import took 0.006937 seconds .

========================================================================
Received Import Request.
  Time since last request: 13.034282 seconds.
  path: Assets/Sprites/Internal_2_1.1.png
  artifactKey: Guid(0d5532847a6f2294593ffbaa09091471) Importer(815301076,1909f56bfc062723c751e8b465ee728b)
Start importing Assets/Sprites/Internal_2_1.1.png using Guid(0d5532847a6f2294593ffbaa09091471) Importer(815301076,1909f56bfc062723c751e8b465ee728b)  -> (artifact id: 'dd16fe3927b8bc1090aeb3caa587e1de') in 0.009328 seconds
  Import took 0.012094 seconds .

========================================================================
Received Import Request.
  Time since last request: 0.046753 seconds.
  path: Assets/Sprites/Internal_2_1.1.png
  artifactKey: Guid(0d5532847a6f2294593ffbaa09091471) Importer(815301076,1909f56bfc062723c751e8b465ee728b)
Start importing Assets/Sprites/Internal_2_1.1.png using Guid(0d5532847a6f2294593ffbaa09091471) Importer(815301076,1909f56bfc062723c751e8b465ee728b)  -> (artifact id: 'dd16fe3927b8bc1090aeb3caa587e1de') in 0.006675 seconds
  Import took 0.009383 seconds .

========================================================================
Received Import Request.
  Time since last request: 0.000179 seconds.
  path: Assets/Sprites/Internal_2_1.3.png
  artifactKey: Guid(97e7520b91ecb5f468c538abd6dcb46c) Importer(815301076,1909f56bfc062723c751e8b465ee728b)
Start importing Assets/Sprites/Internal_2_1.3.png using Guid(97e7520b91ecb5f468c538abd6dcb46c) Importer(815301076,1909f56bfc062723c751e8b465ee728b)  -> (artifact id: '5e1723fafa84a0bc30f8faa90a693073') in 0.009456 seconds
  Import took 0.011924 seconds .

========================================================================
Received Import Request.
  Time since last request: 0.000239 seconds.
  path: Assets/Sprites/Internal_2_1.2.png
  artifactKey: Guid(d86e0bd58a7f8c74ab1fbba9eb3d0a55) Importer(815301076,1909f56bfc062723c751e8b465ee728b)
Start importing Assets/Sprites/Internal_2_1.2.png using Guid(d86e0bd58a7f8c74ab1fbba9eb3d0a55) Importer(815301076,1909f56bfc062723c751e8b465ee728b)  -> (artifact id: '3cd9a4cca1a7d7b49b45145fe6e6911b') in 0.010504 seconds
  Import took 0.029219 seconds .

========================================================================
Received Import Request.
  Time since last request: 0.000286 seconds.
  path: Assets/Sprites/Internal_2_2.3.png
  artifactKey: Guid(af70e51951cc55647bf5c5362d7d967f) Importer(815301076,1909f56bfc062723c751e8b465ee728b)
Start importing Assets/Sprites/Internal_2_2.3.png using Guid(af70e51951cc55647bf5c5362d7d967f) Importer(815301076,1909f56bfc062723c751e8b465ee728b)  -> (artifact id: 'e9ea492b029f0741fc84c5f21faab1c1') in 0.010497 seconds
  Import took 0.013282 seconds .

========================================================================
Received Import Request.
  Time since last request: 0.000249 seconds.
  path: Assets/Sprites/Internal_2_2.1.png
  artifactKey: Guid(9e5add4cb68c963479966392324958a9) Importer(815301076,1909f56bfc062723c751e8b465ee728b)
Start importing Assets/Sprites/Internal_2_2.1.png using Guid(9e5add4cb68c963479966392324958a9) Importer(815301076,1909f56bfc062723c751e8b465ee728b)  -> (artifact id: '6bdfce18a14d9e730229dcf6a39ee8fb') in 0.010874 seconds
  Import took 0.013477 seconds .

========================================================================
Received Import Request.
  Time since last request: 0.000177 seconds.
  path: Assets/Sprites/Internal_2_2.2.png
  artifactKey: Guid(425647305401d05458d919e57d6add4f) Importer(815301076,1909f56bfc062723c751e8b465ee728b)
Start importing Assets/Sprites/Internal_2_2.2.png using Guid(425647305401d05458d919e57d6add4f) Importer(815301076,1909f56bfc062723c751e8b465ee728b)  -> (artifact id: '6e2a35d5a0889f072589ecc80c303771') in 0.010554 seconds
  Import took 0.030322 seconds .

========================================================================
Received Import Request.
  Time since last request: 116.258740 seconds.
  path: Assets/Sprites/Internal_2_3.1.png
  artifactKey: Guid(8eb174959830ecf47973ec48d8e65945) Importer(815301076,1909f56bfc062723c751e8b465ee728b)
Start importing Assets/Sprites/Internal_2_3.1.png using Guid(8eb174959830ecf47973ec48d8e65945) Importer(815301076,1909f56bfc062723c751e8b465ee728b)  -> (artifact id: '43ee204dd40cc36947bdbfdd2880cc2f') in 0.009877 seconds
  Import took 0.012856 seconds .

========================================================================
Received Import Request.
  Time since last request: 0.000233 seconds.
  path: Assets/Sprites/Internal_2_3.2.png
  artifactKey: Guid(38e427d3bcdbc63428981fc151f9c87a) Importer(815301076,1909f56bfc062723c751e8b465ee728b)
Start importing Assets/Sprites/Internal_2_3.2.png using Guid(38e427d3bcdbc63428981fc151f9c87a) Importer(815301076,1909f56bfc062723c751e8b465ee728b)  -> (artifact id: 'c2a135140f77fe5f2d688e264848e074') in 0.041577 seconds
  Import took 0.064999 seconds .

========================================================================
Received Import Request.
  Time since last request: 0.000252 seconds.
  path: Assets/Sprites/Internal_2_3.3.png
  artifactKey: Guid(3120a0851a788a940a1bd09ab0b9dd4d) Importer(815301076,1909f56bfc062723c751e8b465ee728b)
Start importing Assets/Sprites/Internal_2_3.3.png using Guid(3120a0851a788a940a1bd09ab0b9dd4d) Importer(815301076,1909f56bfc062723c751e8b465ee728b)  -> (artifact id: 'c410caaa4ceb1268ede34078ae425901') in 0.009233 seconds
  Import took 0.011844 seconds .

========================================================================
Received Import Request.
  Time since last request: 0.000193 seconds.
  path: Assets/Sprites/Internal_2_3.2.png
  artifactKey: Guid(38e427d3bcdbc63428981fc151f9c87a) Importer(815301076,1909f56bfc062723c751e8b465ee728b)
Start importing Assets/Sprites/Internal_2_3.2.png using Guid(38e427d3bcdbc63428981fc151f9c87a) Importer(815301076,1909f56bfc062723c751e8b465ee728b)  -> (artifact id: 'c2a135140f77fe5f2d688e264848e074') in 0.005067 seconds
  Import took 0.007879 seconds .

========================================================================
Received Import Request.
  Time since last request: 0.004775 seconds.
  path: Assets/Sprites/Internal_2_3.3.png
  artifactKey: Guid(3120a0851a788a940a1bd09ab0b9dd4d) Importer(815301076,1909f56bfc062723c751e8b465ee728b)
Start importing Assets/Sprites/Internal_2_3.3.png using Guid(3120a0851a788a940a1bd09ab0b9dd4d) Importer(815301076,1909f56bfc062723c751e8b465ee728b)  -> (artifact id: 'c410caaa4ceb1268ede34078ae425901') in 0.005390 seconds
  Import took 0.008364 seconds .

========================================================================
Received Import Request.
  Time since last request: 51.075972 seconds.
  path: Assets/Sprites/Internal_2_3.1.png
  artifactKey: Guid(8eb174959830ecf47973ec48d8e65945) Importer(815301076,1909f56bfc062723c751e8b465ee728b)
Start importing Assets/Sprites/Internal_2_3.1.png using Guid(8eb174959830ecf47973ec48d8e65945) Importer(815301076,1909f56bfc062723c751e8b465ee728b)  -> (artifact id: 'cb9bb46ddcc8b9b8a8be4bc75a64ac33') in 0.044879 seconds
  Import took 0.047887 seconds .

========================================================================
Received Import Request.
  Time since last request: 0.011735 seconds.
  path: Assets/Sprites/Internal_2_3.1.png
  artifactKey: Guid(8eb174959830ecf47973ec48d8e65945) Importer(815301076,1909f56bfc062723c751e8b465ee728b)
Start importing Assets/Sprites/Internal_2_3.1.png using Guid(8eb174959830ecf47973ec48d8e65945) Importer(815301076,1909f56bfc062723c751e8b465ee728b)  -> (artifact id: 'cb9bb46ddcc8b9b8a8be4bc75a64ac33') in 0.006171 seconds
  Import took 0.009040 seconds .

========================================================================
Received Import Request.
  Time since last request: 0.000147 seconds.
  path: Assets/Sprites/Internal_2_3.2.png
  artifactKey: Guid(38e427d3bcdbc63428981fc151f9c87a) Importer(815301076,1909f56bfc062723c751e8b465ee728b)
Start importing Assets/Sprites/Internal_2_3.2.png using Guid(38e427d3bcdbc63428981fc151f9c87a) Importer(815301076,1909f56bfc062723c751e8b465ee728b)  -> (artifact id: '8a6a522bbe62ca3cd7ec0a38b9c5ad46') in 0.010419 seconds
  Import took 0.036793 seconds .

========================================================================
Received Import Request.
  Time since last request: 0.000377 seconds.
  path: Assets/Sprites/Internal_2_3.3.png
  artifactKey: Guid(3120a0851a788a940a1bd09ab0b9dd4d) Importer(815301076,1909f56bfc062723c751e8b465ee728b)
Start importing Assets/Sprites/Internal_2_3.3.png using Guid(3120a0851a788a940a1bd09ab0b9dd4d) Importer(815301076,1909f56bfc062723c751e8b465ee728b)  -> (artifact id: 'ce878f9a2f455a451a514a671e9442cf') in 0.009139 seconds
  Import took 0.011850 seconds .

========================================================================
Received Import Request.
  Time since last request: 0.003174 seconds.
  path: Assets/Sprites/Internal_2_3.3.png
  artifactKey: Guid(3120a0851a788a940a1bd09ab0b9dd4d) Importer(815301076,1909f56bfc062723c751e8b465ee728b)
Start importing Assets/Sprites/Internal_2_3.3.png using Guid(3120a0851a788a940a1bd09ab0b9dd4d) Importer(815301076,1909f56bfc062723c751e8b465ee728b)  -> (artifact id: 'ce878f9a2f455a451a514a671e9442cf') in 0.007050 seconds
  Import took 0.010049 seconds .

========================================================================
Received Import Request.
  Time since last request: 6.081835 seconds.
  path: Assets/Sprites/Internal_3_1.1.png
  artifactKey: Guid(6f6fc9d537ec796449f8053024dad3b4) Importer(815301076,1909f56bfc062723c751e8b465ee728b)
Start importing Assets/Sprites/Internal_3_1.1.png using Guid(6f6fc9d537ec796449f8053024dad3b4) Importer(815301076,1909f56bfc062723c751e8b465ee728b)  -> (artifact id: 'b3ef9ee44d8dfca652cdbc3d4be5903f') in 0.010299 seconds
  Import took 0.013186 seconds .

========================================================================
Received Import Request.
  Time since last request: 0.000262 seconds.
  path: Assets/Sprites/Internal_3_1.2.png
  artifactKey: Guid(97cd1c7cbbd21aa4e92ee1a7c9d573fb) Importer(815301076,1909f56bfc062723c751e8b465ee728b)
Start importing Assets/Sprites/Internal_3_1.2.png using Guid(97cd1c7cbbd21aa4e92ee1a7c9d573fb) Importer(815301076,1909f56bfc062723c751e8b465ee728b)  -> (artifact id: '205d207ea8e04cdbc0ce867599172255') in 0.008076 seconds
  Import took 0.010784 seconds .

========================================================================
Received Import Request.
  Time since last request: 0.000234 seconds.
  path: Assets/Sprites/Internal_3_1.3.png
  artifactKey: Guid(133ce46cb59143c49973653d9a5ca001) Importer(815301076,1909f56bfc062723c751e8b465ee728b)
Start importing Assets/Sprites/Internal_3_1.3.png using Guid(133ce46cb59143c49973653d9a5ca001) Importer(815301076,1909f56bfc062723c751e8b465ee728b)  -> (artifact id: '075040f7f80d88dd897f4691141f46b3') in 0.010816 seconds
  Import took 0.013845 seconds .

========================================================================
Received Import Request.
  Time since last request: 33.695486 seconds.
  path: Assets/Sprites/Internal_3_1.2.png
  artifactKey: Guid(97cd1c7cbbd21aa4e92ee1a7c9d573fb) Importer(815301076,1909f56bfc062723c751e8b465ee728b)
Start importing Assets/Sprites/Internal_3_1.2.png using Guid(97cd1c7cbbd21aa4e92ee1a7c9d573fb) Importer(815301076,1909f56bfc062723c751e8b465ee728b)  -> (artifact id: 'f65f50941834716e45daa47cbe355411') in 0.009630 seconds
  Import took 0.012377 seconds .

========================================================================
Received Import Request.
  Time since last request: 0.046735 seconds.
  path: Assets/Sprites/Internal_3_1.1.png
  artifactKey: Guid(6f6fc9d537ec796449f8053024dad3b4) Importer(815301076,1909f56bfc062723c751e8b465ee728b)
Start importing Assets/Sprites/Internal_3_1.1.png using Guid(6f6fc9d537ec796449f8053024dad3b4) Importer(815301076,1909f56bfc062723c751e8b465ee728b)  -> (artifact id: '2a15bd7e0e6e0732d7bba01a3776a97c') in 0.008866 seconds
  Import took 0.011661 seconds .

========================================================================
Received Import Request.
  Time since last request: 0.000208 seconds.
  path: Assets/Sprites/Internal_3_1.3.png
  artifactKey: Guid(133ce46cb59143c49973653d9a5ca001) Importer(815301076,1909f56bfc062723c751e8b465ee728b)
Start importing Assets/Sprites/Internal_3_1.3.png using Guid(133ce46cb59143c49973653d9a5ca001) Importer(815301076,1909f56bfc062723c751e8b465ee728b)  -> (artifact id: '1f01038ff4ff7f10b19623cae1e4f32f') in 0.011064 seconds
  Import took 0.014004 seconds .

========================================================================
Received Import Request.
  Time since last request: 0.004679 seconds.
  path: Assets/Sprites/Internal_3_1.3.png
  artifactKey: Guid(133ce46cb59143c49973653d9a5ca001) Importer(815301076,1909f56bfc062723c751e8b465ee728b)
Start importing Assets/Sprites/Internal_3_1.3.png using Guid(133ce46cb59143c49973653d9a5ca001) Importer(815301076,1909f56bfc062723c751e8b465ee728b)  -> (artifact id: '1f01038ff4ff7f10b19623cae1e4f32f') in 0.006729 seconds
  Import took 0.009876 seconds .

========================================================================
Received Import Request.
  Time since last request: 61.599416 seconds.
  path: Assets/Sprites/Internal_3_2.1.png
  artifactKey: Guid(5883ff3ea20ba694c8a3057b8198ec8b) Importer(815301076,1909f56bfc062723c751e8b465ee728b)
Start importing Assets/Sprites/Internal_3_2.1.png using Guid(5883ff3ea20ba694c8a3057b8198ec8b) Importer(815301076,1909f56bfc062723c751e8b465ee728b)  -> (artifact id: 'c8a91d050f51b64dddddfdf90b1b7c63') in 0.009420 seconds
  Import took 0.032854 seconds .

========================================================================
Received Import Request.
  Time since last request: 0.000230 seconds.
  path: Assets/Sprites/Internal_3_2.3.png
  artifactKey: Guid(dfbaa68c7420cd149bd5935dd8ccf3d3) Importer(815301076,1909f56bfc062723c751e8b465ee728b)
Start importing Assets/Sprites/Internal_3_2.3.png using Guid(dfbaa68c7420cd149bd5935dd8ccf3d3) Importer(815301076,1909f56bfc062723c751e8b465ee728b)  -> (artifact id: '32950218330500d69a33c97353c9b6e2') in 0.011099 seconds
  Import took 0.013765 seconds .

========================================================================
Received Import Request.
  Time since last request: 0.000202 seconds.
  path: Assets/Sprites/Internal_3_2.2.png
  artifactKey: Guid(a18795a16a0fa0242b35552c58410122) Importer(815301076,1909f56bfc062723c751e8b465ee728b)
Start importing Assets/Sprites/Internal_3_2.2.png using Guid(a18795a16a0fa0242b35552c58410122) Importer(815301076,1909f56bfc062723c751e8b465ee728b)  -> (artifact id: '43a0aeae4922c6d675ec4759da5438e1') in 0.009542 seconds
  Import took 0.012192 seconds .

========================================================================
Received Import Request.
  Time since last request: 0.000630 seconds.
  path: Assets/Sprites/Internal_3_2.2.png
  artifactKey: Guid(a18795a16a0fa0242b35552c58410122) Importer(815301076,1909f56bfc062723c751e8b465ee728b)
Start importing Assets/Sprites/Internal_3_2.2.png using Guid(a18795a16a0fa0242b35552c58410122) Importer(815301076,1909f56bfc062723c751e8b465ee728b)  -> (artifact id: '43a0aeae4922c6d675ec4759da5438e1') in 0.004828 seconds
  Import took 0.007927 seconds .

========================================================================
Received Import Request.
  Time since last request: 42.602749 seconds.
  path: Assets/Sprites/Internal_3_2.2.png
  artifactKey: Guid(a18795a16a0fa0242b35552c58410122) Importer(815301076,1909f56bfc062723c751e8b465ee728b)
Start importing Assets/Sprites/Internal_3_2.2.png using Guid(a18795a16a0fa0242b35552c58410122) Importer(815301076,1909f56bfc062723c751e8b465ee728b)  -> (artifact id: 'c6374191c4a06021c8dbc305b1a4933d') in 0.028183 seconds
  Import took 0.049134 seconds .

========================================================================
Received Import Request.
  Time since last request: 0.009365 seconds.
  path: Assets/Sprites/Internal_3_2.1.png
  artifactKey: Guid(5883ff3ea20ba694c8a3057b8198ec8b) Importer(815301076,1909f56bfc062723c751e8b465ee728b)
Start importing Assets/Sprites/Internal_3_2.1.png using Guid(5883ff3ea20ba694c8a3057b8198ec8b) Importer(815301076,1909f56bfc062723c751e8b465ee728b)  -> (artifact id: '1c3761492883f4a1310dac6e07b627c9') in 0.010056 seconds
  Import took 0.050334 seconds .

========================================================================
Received Import Request.
  Time since last request: 0.000153 seconds.
  path: Assets/Sprites/Internal_3_2.3.png
  artifactKey: Guid(dfbaa68c7420cd149bd5935dd8ccf3d3) Importer(815301076,1909f56bfc062723c751e8b465ee728b)
Start importing Assets/Sprites/Internal_3_2.3.png using Guid(dfbaa68c7420cd149bd5935dd8ccf3d3) Importer(815301076,1909f56bfc062723c751e8b465ee728b)  -> (artifact id: 'eb2441796c2292bbb6dfd09fc5895a5a') in 0.009518 seconds
  Import took 0.012011 seconds .

========================================================================
Received Import Request.
  Time since last request: 7.161223 seconds.
  path: Assets/Sprites/Internal_3_3.1.png
  artifactKey: Guid(7c7ea8ecb5eeabc44a35b28a6abd1c09) Importer(815301076,1909f56bfc062723c751e8b465ee728b)
Start importing Assets/Sprites/Internal_3_3.1.png using Guid(7c7ea8ecb5eeabc44a35b28a6abd1c09) Importer(815301076,1909f56bfc062723c751e8b465ee728b)  -> (artifact id: '5c6f789ae85a8aac182393e8aecc274a') in 0.008658 seconds
  Import took 0.011449 seconds .

========================================================================
Received Import Request.
  Time since last request: 0.000169 seconds.
  path: Assets/Sprites/Internal_3_3.2.png
  artifactKey: Guid(7cff7842eca40c54f842d2b23820ff88) Importer(815301076,1909f56bfc062723c751e8b465ee728b)
Start importing Assets/Sprites/Internal_3_3.2.png using Guid(7cff7842eca40c54f842d2b23820ff88) Importer(815301076,1909f56bfc062723c751e8b465ee728b)  -> (artifact id: '7b43e8846780a64fc9bc72cebf156ac8') in 0.008352 seconds
  Import took 0.010900 seconds .

========================================================================
Received Import Request.
  Time since last request: 0.000197 seconds.
  path: Assets/Sprites/Internal_3_3.3.png
  artifactKey: Guid(a294b990a0dddd647ba227299f1a1583) Importer(815301076,1909f56bfc062723c751e8b465ee728b)
Start importing Assets/Sprites/Internal_3_3.3.png using Guid(a294b990a0dddd647ba227299f1a1583) Importer(815301076,1909f56bfc062723c751e8b465ee728b)  -> (artifact id: '99520cb667a48120f7545309eef954d7') in 0.007922 seconds
  Import took 0.029037 seconds .

========================================================================
Received Import Request.
  Time since last request: 31.067618 seconds.
  path: Assets/Sprites/Internal_3_3.1.png
  artifactKey: Guid(7c7ea8ecb5eeabc44a35b28a6abd1c09) Importer(815301076,1909f56bfc062723c751e8b465ee728b)
Start importing Assets/Sprites/Internal_3_3.1.png using Guid(7c7ea8ecb5eeabc44a35b28a6abd1c09) Importer(815301076,1909f56bfc062723c751e8b465ee728b)  -> (artifact id: 'aa3c5170b1f69cd1c5e1e6d10cfcc2b2') in 0.010766 seconds
  Import took 0.013550 seconds .

========================================================================
Received Import Request.
  Time since last request: 0.052788 seconds.
  path: Assets/Sprites/Internal_3_3.1.png
  artifactKey: Guid(7c7ea8ecb5eeabc44a35b28a6abd1c09) Importer(815301076,1909f56bfc062723c751e8b465ee728b)
Start importing Assets/Sprites/Internal_3_3.1.png using Guid(7c7ea8ecb5eeabc44a35b28a6abd1c09) Importer(815301076,1909f56bfc062723c751e8b465ee728b)  -> (artifact id: 'aa3c5170b1f69cd1c5e1e6d10cfcc2b2') in 0.006673 seconds
  Import took 0.009448 seconds .

========================================================================
Received Import Request.
  Time since last request: 0.000277 seconds.
  path: Assets/Sprites/Internal_3_3.2.png
  artifactKey: Guid(7cff7842eca40c54f842d2b23820ff88) Importer(815301076,1909f56bfc062723c751e8b465ee728b)
Start importing Assets/Sprites/Internal_3_3.2.png using Guid(7cff7842eca40c54f842d2b23820ff88) Importer(815301076,1909f56bfc062723c751e8b465ee728b)  -> (artifact id: '4da3151cd996949423a26fe727307243') in 0.010910 seconds
  Import took 0.013892 seconds .

========================================================================
Received Import Request.
  Time since last request: 0.000257 seconds.
  path: Assets/Sprites/Internal_3_3.3.png
  artifactKey: Guid(a294b990a0dddd647ba227299f1a1583) Importer(815301076,1909f56bfc062723c751e8b465ee728b)
Start importing Assets/Sprites/Internal_3_3.3.png using Guid(a294b990a0dddd647ba227299f1a1583) Importer(815301076,1909f56bfc062723c751e8b465ee728b)  -> (artifact id: '5b11bf13c940487b26df37df9a308048') in 0.008946 seconds
  Import took 0.011615 seconds .

========================================================================
Received Import Request.
  Time since last request: 0.000250 seconds.
  path: Assets/Sprites/Internal_3_3.2.png
  artifactKey: Guid(7cff7842eca40c54f842d2b23820ff88) Importer(815301076,1909f56bfc062723c751e8b465ee728b)
Start importing Assets/Sprites/Internal_3_3.2.png using Guid(7cff7842eca40c54f842d2b23820ff88) Importer(815301076,1909f56bfc062723c751e8b465ee728b)  -> (artifact id: '4da3151cd996949423a26fe727307243') in 0.006540 seconds
  Import took 0.009576 seconds .

========================================================================
Received Import Request.
  Time since last request: 0.006635 seconds.
  path: Assets/Sprites/Internal_3_3.3.png
  artifactKey: Guid(a294b990a0dddd647ba227299f1a1583) Importer(815301076,1909f56bfc062723c751e8b465ee728b)
Start importing Assets/Sprites/Internal_3_3.3.png using Guid(a294b990a0dddd647ba227299f1a1583) Importer(815301076,1909f56bfc062723c751e8b465ee728b)  -> (artifact id: '5b11bf13c940487b26df37df9a308048') in 0.006935 seconds
  Import took 0.010547 seconds .

========================================================================
Received Import Request.
  Time since last request: 2221.975812 seconds.
  path: Assets/Sprites/VeinSmallCorner.png
  artifactKey: Guid(27437a36b0452e54db8d5d1e63f58478) Importer(815301076,1909f56bfc062723c751e8b465ee728b)
Start importing Assets/Sprites/VeinSmallCorner.png using Guid(27437a36b0452e54db8d5d1e63f58478) Importer(815301076,1909f56bfc062723c751e8b465ee728b)  -> (artifact id: '830b30df20d689dc260040d55cfb973e') in 0.031816 seconds
  Import took 0.064441 seconds .

========================================================================
Received Import Request.
  Time since last request: 0.000255 seconds.
  path: Assets/Sprites/VeinSmallQuad.png
  artifactKey: Guid(bcd57bf56db524a48a189299abe02482) Importer(815301076,1909f56bfc062723c751e8b465ee728b)
Start importing Assets/Sprites/VeinSmallQuad.png using Guid(bcd57bf56db524a48a189299abe02482) Importer(815301076,1909f56bfc062723c751e8b465ee728b)  -> (artifact id: '863b620ba7ffa6ae0ad63e1373e15225') in 0.020788 seconds
  Import took 0.024140 seconds .

========================================================================
Received Import Request.
  Time since last request: 0.000265 seconds.
  path: Assets/Sprites/VeinSmallStraight.png
  artifactKey: Guid(e185247b9dd4c10499ee14abdca12952) Importer(815301076,1909f56bfc062723c751e8b465ee728b)
Start importing Assets/Sprites/VeinSmallStraight.png using Guid(e185247b9dd4c10499ee14abdca12952) Importer(815301076,1909f56bfc062723c751e8b465ee728b)  -> (artifact id: '441e8794fd5f0e9271d6a76773ca6977') in 0.013317 seconds
  Import took 0.026150 seconds .

========================================================================
Received Import Request.
  Time since last request: 0.000248 seconds.
  path: Assets/Sprites/VeinSmallTriple.png
  artifactKey: Guid(6343c838f2fa810429ec15e0e24604c6) Importer(815301076,1909f56bfc062723c751e8b465ee728b)
Start importing Assets/Sprites/VeinSmallTriple.png using Guid(6343c838f2fa810429ec15e0e24604c6) Importer(815301076,1909f56bfc062723c751e8b465ee728b)  -> (artifact id: '427d240df32d836dd97b3e5f62e18cb9') in 0.012246 seconds
  Import took 0.018944 seconds .

========================================================================
Received Import Request.
  Time since last request: 55.162614 seconds.
  path: Assets/Sprites/VeinSmallCorner.1.png
  artifactKey: Guid(773ee43a829b57648ab3ca9e8d442eae) Importer(815301076,1909f56bfc062723c751e8b465ee728b)
Start importing Assets/Sprites/VeinSmallCorner.1.png using Guid(773ee43a829b57648ab3ca9e8d442eae) Importer(815301076,1909f56bfc062723c751e8b465ee728b)  -> (artifact id: 'f63547fec0ce0993ed6f2d185b52d075') in 0.009253 seconds
  Import took 0.012661 seconds .

========================================================================
Received Import Request.
  Time since last request: 0.000196 seconds.
  path: Assets/Sprites/VeinSmallCorner.3.png
  artifactKey: Guid(26e65251c396f624c81bde6d1ce2246e) Importer(815301076,1909f56bfc062723c751e8b465ee728b)
Start importing Assets/Sprites/VeinSmallCorner.3.png using Guid(26e65251c396f624c81bde6d1ce2246e) Importer(815301076,1909f56bfc062723c751e8b465ee728b)  -> (artifact id: 'b1f071e2340816585cda1916d86cbab3') in 0.052687 seconds
  Import took 0.064921 seconds .

========================================================================
Received Import Request.
  Time since last request: 0.000227 seconds.
  path: Assets/Sprites/VeinSmallCorner.2.png
  artifactKey: Guid(8af173217e5f7f14b8fc111e18753a9a) Importer(815301076,1909f56bfc062723c751e8b465ee728b)
Start importing Assets/Sprites/VeinSmallCorner.2.png using Guid(8af173217e5f7f14b8fc111e18753a9a) Importer(815301076,1909f56bfc062723c751e8b465ee728b)  -> (artifact id: 'a7192c6adf18d94981f570e45dc14ee9') in 0.008493 seconds
  Import took 0.024410 seconds .

========================================================================
Received Import Request.
  Time since last request: 11.268583 seconds.
  path: Assets/Sprites/VeinSmallCorner.2.png
  artifactKey: Guid(8af173217e5f7f14b8fc111e18753a9a) Importer(815301076,1909f56bfc062723c751e8b465ee728b)
Start importing Assets/Sprites/VeinSmallCorner.2.png using Guid(8af173217e5f7f14b8fc111e18753a9a) Importer(815301076,1909f56bfc062723c751e8b465ee728b)  -> (artifact id: '829d6e259bfb2ad81926ad08f1d58e55') in 0.010736 seconds
  Import took 0.013530 seconds .

========================================================================
Received Import Request.
  Time since last request: 0.045182 seconds.
  path: Assets/Sprites/VeinSmallCorner.1.png
  artifactKey: Guid(773ee43a829b57648ab3ca9e8d442eae) Importer(815301076,1909f56bfc062723c751e8b465ee728b)
Start importing Assets/Sprites/VeinSmallCorner.1.png using Guid(773ee43a829b57648ab3ca9e8d442eae) Importer(815301076,1909f56bfc062723c751e8b465ee728b)  -> (artifact id: 'd6d4b8114c1720b24c84fa630e0d311c') in 0.030340 seconds
  Import took 0.033477 seconds .

========================================================================
Received Import Request.
  Time since last request: 0.000288 seconds.
  path: Assets/Sprites/VeinSmallCorner.3.png
  artifactKey: Guid(26e65251c396f624c81bde6d1ce2246e) Importer(815301076,1909f56bfc062723c751e8b465ee728b)
Start importing Assets/Sprites/VeinSmallCorner.3.png using Guid(26e65251c396f624c81bde6d1ce2246e) Importer(815301076,1909f56bfc062723c751e8b465ee728b)  -> (artifact id: '4710d454114e48dd374f27af05cdf95c') in 0.016092 seconds
  Import took 0.018965 seconds .

========================================================================
Received Import Request.
  Time since last request: 67.755647 seconds.
  path: Assets/Sprites/VeinSmallQuad.1.png
  artifactKey: Guid(f0c95e356120de24dba4963cd0741f1b) Importer(815301076,1909f56bfc062723c751e8b465ee728b)
Start importing Assets/Sprites/VeinSmallQuad.1.png using Guid(f0c95e356120de24dba4963cd0741f1b) Importer(815301076,1909f56bfc062723c751e8b465ee728b)  -> (artifact id: '9254dc138f92c74db421a1159a5c5276') in 0.008660 seconds
  Import took 0.030683 seconds .

========================================================================
Received Import Request.
  Time since last request: 0.000224 seconds.
  path: Assets/Sprites/VeinSmallQuad.3.png
  artifactKey: Guid(bdd722c27e9d1204bab134539929f264) Importer(815301076,1909f56bfc062723c751e8b465ee728b)
Start importing Assets/Sprites/VeinSmallQuad.3.png using Guid(bdd722c27e9d1204bab134539929f264) Importer(815301076,1909f56bfc062723c751e8b465ee728b)  -> (artifact id: '6bd76873291f321d1b98338d28daf991') in 0.008887 seconds
  Import took 0.011669 seconds .

========================================================================
Received Import Request.
  Time since last request: 0.000254 seconds.
  path: Assets/Sprites/VeinSmallQuad.1.png
  artifactKey: Guid(f0c95e356120de24dba4963cd0741f1b) Importer(815301076,1909f56bfc062723c751e8b465ee728b)
Start importing Assets/Sprites/VeinSmallQuad.1.png using Guid(f0c95e356120de24dba4963cd0741f1b) Importer(815301076,1909f56bfc062723c751e8b465ee728b)  -> (artifact id: '9254dc138f92c74db421a1159a5c5276') in 0.005731 seconds
  Import took 0.009023 seconds .

========================================================================
Received Import Request.
  Time since last request: 0.000324 seconds.
  path: Assets/Sprites/VeinSmallQuad.2.png
  artifactKey: Guid(e0d0ac62244324545a57774247b18b4d) Importer(815301076,1909f56bfc062723c751e8b465ee728b)
Start importing Assets/Sprites/VeinSmallQuad.2.png using Guid(e0d0ac62244324545a57774247b18b4d) Importer(815301076,1909f56bfc062723c751e8b465ee728b)  -> (artifact id: '58bf44884ab87e60098c871c8c732326') in 0.011715 seconds
  Import took 0.040768 seconds .

========================================================================
Received Import Request.
  Time since last request: 26.267101 seconds.
  path: Assets/Sprites/VeinSmallQuad.1.png
  artifactKey: Guid(f0c95e356120de24dba4963cd0741f1b) Importer(815301076,1909f56bfc062723c751e8b465ee728b)
Start importing Assets/Sprites/VeinSmallQuad.1.png using Guid(f0c95e356120de24dba4963cd0741f1b) Importer(815301076,1909f56bfc062723c751e8b465ee728b)  -> (artifact id: '88acbb46f655acb6648e7126275e873f') in 0.009093 seconds
  Import took 0.033362 seconds .

========================================================================
Received Import Request.
  Time since last request: 0.025575 seconds.
  path: Assets/Sprites/VeinSmallQuad.1.png
  artifactKey: Guid(f0c95e356120de24dba4963cd0741f1b) Importer(815301076,1909f56bfc062723c751e8b465ee728b)
Start importing Assets/Sprites/VeinSmallQuad.1.png using Guid(f0c95e356120de24dba4963cd0741f1b) Importer(815301076,1909f56bfc062723c751e8b465ee728b)  -> (artifact id: '88acbb46f655acb6648e7126275e873f') in 0.007559 seconds
  Import took 0.010427 seconds .

========================================================================
Received Import Request.
  Time since last request: 0.000276 seconds.
  path: Assets/Sprites/VeinSmallQuad.3.png
  artifactKey: Guid(bdd722c27e9d1204bab134539929f264) Importer(815301076,1909f56bfc062723c751e8b465ee728b)
Start importing Assets/Sprites/VeinSmallQuad.3.png using Guid(bdd722c27e9d1204bab134539929f264) Importer(815301076,1909f56bfc062723c751e8b465ee728b)  -> (artifact id: '93e2e7c81fd076f3e1a42b47449a10d1') in 0.010076 seconds
  Import took 0.035519 seconds .

========================================================================
Received Import Request.
  Time since last request: 0.000219 seconds.
  path: Assets/Sprites/VeinSmallQuad.2.png
  artifactKey: Guid(e0d0ac62244324545a57774247b18b4d) Importer(815301076,1909f56bfc062723c751e8b465ee728b)
Start importing Assets/Sprites/VeinSmallQuad.2.png using Guid(e0d0ac62244324545a57774247b18b4d) Importer(815301076,1909f56bfc062723c751e8b465ee728b)  -> (artifact id: '021b49538d1633d7e86cfc1d9fab0068') in 0.033293 seconds
  Import took 0.035975 seconds .

========================================================================
Received Import Request.
  Time since last request: 154.399973 seconds.
  path: Assets/Sprites/VeinSmallStraight.1.png
  artifactKey: Guid(0d43f23b099aea3449680f90d479c9e9) Importer(815301076,1909f56bfc062723c751e8b465ee728b)
Start importing Assets/Sprites/VeinSmallStraight.1.png using Guid(0d43f23b099aea3449680f90d479c9e9) Importer(815301076,1909f56bfc062723c751e8b465ee728b)  -> (artifact id: 'c5abc595f49ca0a4ff5279bba801a13d') in 0.009714 seconds
  Import took 0.013004 seconds .

========================================================================
Received Import Request.
  Time since last request: 12.294069 seconds.
  path: Assets/Sprites/VeinSmallStraight.1.png
  artifactKey: Guid(0d43f23b099aea3449680f90d479c9e9) Importer(815301076,1909f56bfc062723c751e8b465ee728b)
Start importing Assets/Sprites/VeinSmallStraight.1.png using Guid(0d43f23b099aea3449680f90d479c9e9) Importer(815301076,1909f56bfc062723c751e8b465ee728b)  -> (artifact id: '83c5844c5705fd28633e295cb55ec087') in 0.009623 seconds
  Import took 0.029976 seconds .

========================================================================
Received Import Request.
  Time since last request: 0.029339 seconds.
  path: Assets/Sprites/VeinSmallStraight.1.png
  artifactKey: Guid(0d43f23b099aea3449680f90d479c9e9) Importer(815301076,1909f56bfc062723c751e8b465ee728b)
Start importing Assets/Sprites/VeinSmallStraight.1.png using Guid(0d43f23b099aea3449680f90d479c9e9) Importer(815301076,1909f56bfc062723c751e8b465ee728b)  -> (artifact id: '83c5844c5705fd28633e295cb55ec087') in 0.008134 seconds
  Import took 0.011048 seconds .

========================================================================
Received Import Request.
  Time since last request: 99.627853 seconds.
  path: Assets/Sprites/VeinSmallTriple.1.png
  artifactKey: Guid(9ad44cabe81741a47992348ddb90c994) Importer(815301076,1909f56bfc062723c751e8b465ee728b)
Start importing Assets/Sprites/VeinSmallTriple.1.png using Guid(9ad44cabe81741a47992348ddb90c994) Importer(815301076,1909f56bfc062723c751e8b465ee728b)  -> (artifact id: '345917526bc9cb48027c46962e934c5c') in 0.026558 seconds
  Import took 0.031261 seconds .

========================================================================
Received Import Request.
  Time since last request: 0.000281 seconds.
  path: Assets/Sprites/VeinSmallTriple.2.png
  artifactKey: Guid(8c633ccbf389cd34190d8934d74822b8) Importer(815301076,1909f56bfc062723c751e8b465ee728b)
Start importing Assets/Sprites/VeinSmallTriple.2.png using Guid(8c633ccbf389cd34190d8934d74822b8) Importer(815301076,1909f56bfc062723c751e8b465ee728b)  -> (artifact id: '084ee9798fa5d2d4d3d18df1f12e84a2') in 0.016593 seconds
  Import took 0.038499 seconds .

========================================================================
Received Import Request.
  Time since last request: 0.000487 seconds.
  path: Assets/Sprites/VeinSmallTriple.3.png
  artifactKey: Guid(18717a4fa01aa5c45a4a0709e91a4caa) Importer(815301076,1909f56bfc062723c751e8b465ee728b)
Start importing Assets/Sprites/VeinSmallTriple.3.png using Guid(18717a4fa01aa5c45a4a0709e91a4caa) Importer(815301076,1909f56bfc062723c751e8b465ee728b)  -> (artifact id: '7a0c00d5a468c8db18395cbeb8c99d0e') in 0.047769 seconds
  Import took 0.052531 seconds .

========================================================================
Received Import Request.
  Time since last request: 10.901855 seconds.
  path: Assets/Sprites/VeinSmallTriple.1.png
  artifactKey: Guid(9ad44cabe81741a47992348ddb90c994) Importer(815301076,1909f56bfc062723c751e8b465ee728b)
Start importing Assets/Sprites/VeinSmallTriple.1.png using Guid(9ad44cabe81741a47992348ddb90c994) Importer(815301076,1909f56bfc062723c751e8b465ee728b)  -> (artifact id: '9a65ae408f492cd118df100431f40dbe') in 0.029023 seconds
  Import took 0.036852 seconds .

========================================================================
Received Import Request.
  Time since last request: 0.023913 seconds.
  path: Assets/Sprites/VeinSmallTriple.1.png
  artifactKey: Guid(9ad44cabe81741a47992348ddb90c994) Importer(815301076,1909f56bfc062723c751e8b465ee728b)
Start importing Assets/Sprites/VeinSmallTriple.1.png using Guid(9ad44cabe81741a47992348ddb90c994) Importer(815301076,1909f56bfc062723c751e8b465ee728b)  -> (artifact id: '9a65ae408f492cd118df100431f40dbe') in 0.006552 seconds
  Import took 0.009527 seconds .

========================================================================
Received Import Request.
  Time since last request: 0.000233 seconds.
  path: Assets/Sprites/VeinSmallTriple.2.png
  artifactKey: Guid(8c633ccbf389cd34190d8934d74822b8) Importer(815301076,1909f56bfc062723c751e8b465ee728b)
Start importing Assets/Sprites/VeinSmallTriple.2.png using Guid(8c633ccbf389cd34190d8934d74822b8) Importer(815301076,1909f56bfc062723c751e8b465ee728b)  -> (artifact id: 'a5723d682c7d33ce07a4df682e2e262d') in 0.009943 seconds
  Import took 0.034340 seconds .

========================================================================
Received Import Request.
  Time since last request: 0.000262 seconds.
  path: Assets/Sprites/VeinSmallTriple.3.png
  artifactKey: Guid(18717a4fa01aa5c45a4a0709e91a4caa) Importer(815301076,1909f56bfc062723c751e8b465ee728b)
Start importing Assets/Sprites/VeinSmallTriple.3.png using Guid(18717a4fa01aa5c45a4a0709e91a4caa) Importer(815301076,1909f56bfc062723c751e8b465ee728b)  -> (artifact id: '999f2f8e25356d342eeaa6354305b6ef') in 0.010467 seconds
  Import took 0.013212 seconds .

========================================================================
Received Import Request.
  Time since last request: 0.000515 seconds.
  path: Assets/Sprites/VeinSmallTriple.3.png
  artifactKey: Guid(18717a4fa01aa5c45a4a0709e91a4caa) Importer(815301076,1909f56bfc062723c751e8b465ee728b)
Start importing Assets/Sprites/VeinSmallTriple.3.png using Guid(18717a4fa01aa5c45a4a0709e91a4caa) Importer(815301076,1909f56bfc062723c751e8b465ee728b)  -> (artifact id: '999f2f8e25356d342eeaa6354305b6ef') in 0.006922 seconds
  Import took 0.009637 seconds .

========================================================================
Received Prepare
Registering precompiled user dll's ...
Registered in 0.002114 seconds.
Begin MonoManager ReloadAssembly
Native extension for WindowsStandalone target not found
Native extension for WebGL target not found
Refreshing native plugins compatible for Editor in 0.82 ms, found 0 plugins.
Preloading 0 native plugins for Editor in 0.00 ms.
Mono: successfully reloaded assembly
- Completed reload, in  1.019 seconds
Platform modules already initialized, skipping
Refreshing native plugins compatible for Editor in 0.47 ms, found 0 plugins.
Preloading 0 native plugins for Editor in 0.00 ms.
Unloading 1846 Unused Serialized files (Serialized files now loaded: 0)
System memory in use before: 87.8 MB.
System memory in use after: 87.9 MB.

Unloading 25 unused Assets to reduce memory usage. Loaded Objects now: 2337.
Total: 1.940300 ms (FindLiveObjects: 0.165700 ms CreateObjectMapping: 0.056000 ms MarkObjects: 1.645400 ms  DeleteObjects: 0.072600 ms)

========================================================================
Received Prepare
Registering precompiled user dll's ...
Registered in 0.002275 seconds.
Begin MonoManager ReloadAssembly
Native extension for WindowsStandalone target not found
Native extension for WebGL target not found
Refreshing native plugins compatible for Editor in 0.44 ms, found 0 plugins.
Preloading 0 native plugins for Editor in 0.00 ms.
Mono: successfully reloaded assembly
- Completed reload, in  0.721 seconds
Platform modules already initialized, skipping
Refreshing native plugins compatible for Editor in 0.46 ms, found 0 plugins.
Preloading 0 native plugins for Editor in 0.00 ms.
Unloading 1846 Unused Serialized files (Serialized files now loaded: 0)
System memory in use before: 87.9 MB.
System memory in use after: 88.0 MB.

Unloading 25 unused Assets to reduce memory usage. Loaded Objects now: 2340.
Total: 1.749400 ms (FindLiveObjects: 0.141700 ms CreateObjectMapping: 0.055800 ms MarkObjects: 1.505800 ms  DeleteObjects: 0.045400 ms)

========================================================================
Received Prepare
Registering precompiled user dll's ...
Registered in 0.002134 seconds.
Begin MonoManager ReloadAssembly
Native extension for WindowsStandalone target not found
Native extension for WebGL target not found
Refreshing native plugins compatible for Editor in 0.45 ms, found 0 plugins.
Preloading 0 native plugins for Editor in 0.00 ms.
Mono: successfully reloaded assembly
- Completed reload, in  0.732 seconds
Platform modules already initialized, skipping
Refreshing native plugins compatible for Editor in 0.47 ms, found 0 plugins.
Preloading 0 native plugins for Editor in 0.00 ms.
Unloading 1846 Unused Serialized files (Serialized files now loaded: 0)
System memory in use before: 87.9 MB.
System memory in use after: 88.0 MB.

Unloading 25 unused Assets to reduce memory usage. Loaded Objects now: 2343.
Total: 1.857000 ms (FindLiveObjects: 0.152400 ms CreateObjectMapping: 0.056900 ms MarkObjects: 1.595400 ms  DeleteObjects: 0.051400 ms)

========================================================================
Received Prepare
Registering precompiled user dll's ...
Registered in 0.002150 seconds.
Begin MonoManager ReloadAssembly
Native extension for WindowsStandalone target not found
Native extension for WebGL target not found
Refreshing native plugins compatible for Editor in 0.49 ms, found 0 plugins.
Preloading 0 native plugins for Editor in 0.00 ms.
Mono: successfully reloaded assembly
- Completed reload, in  0.783 seconds
Platform modules already initialized, skipping
Refreshing native plugins compatible for Editor in 0.48 ms, found 0 plugins.
Preloading 0 native plugins for Editor in 0.00 ms.
Unloading 1846 Unused Serialized files (Serialized files now loaded: 0)
System memory in use before: 87.9 MB.
System memory in use after: 88.0 MB.

Unloading 25 unused Assets to reduce memory usage. Loaded Objects now: 2346.
Total: 1.755400 ms (FindLiveObjects: 0.149400 ms CreateObjectMapping: 0.054800 ms MarkObjects: 1.497000 ms  DeleteObjects: 0.053400 ms)

========================================================================
Received Prepare
Registering precompiled user dll's ...
Registered in 0.002247 seconds.
Begin MonoManager ReloadAssembly
Native extension for WindowsStandalone target not found
Native extension for WebGL target not found
Refreshing native plugins compatible for Editor in 0.45 ms, found 0 plugins.
Preloading 0 native plugins for Editor in 0.00 ms.
Mono: successfully reloaded assembly
- Completed reload, in  0.860 seconds
Platform modules already initialized, skipping
Refreshing native plugins compatible for Editor in 0.61 ms, found 0 plugins.
Preloading 0 native plugins for Editor in 0.00 ms.
Unloading 1846 Unused Serialized files (Serialized files now loaded: 0)
System memory in use before: 87.9 MB.
System memory in use after: 88.0 MB.

Unloading 25 unused Assets to reduce memory usage. Loaded Objects now: 2349.
Total: 1.992600 ms (FindLiveObjects: 0.183800 ms CreateObjectMapping: 0.060000 ms MarkObjects: 1.688300 ms  DeleteObjects: 0.059500 ms)

========================================================================
Received Prepare
Registering precompiled user dll's ...
Registered in 0.002055 seconds.
Begin MonoManager ReloadAssembly
Native extension for WindowsStandalone target not found
Native extension for WebGL target not found
Refreshing native plugins compatible for Editor in 0.45 ms, found 0 plugins.
Preloading 0 native plugins for Editor in 0.00 ms.
Mono: successfully reloaded assembly
- Completed reload, in  0.727 seconds
Platform modules already initialized, skipping
Refreshing native plugins compatible for Editor in 0.46 ms, found 0 plugins.
Preloading 0 native plugins for Editor in 0.00 ms.
Unloading 1846 Unused Serialized files (Serialized files now loaded: 0)
System memory in use before: 87.9 MB.
System memory in use after: 88.0 MB.

Unloading 25 unused Assets to reduce memory usage. Loaded Objects now: 2352.
Total: 2.002200 ms (FindLiveObjects: 0.201700 ms CreateObjectMapping: 0.073200 ms MarkObjects: 1.667100 ms  DeleteObjects: 0.059200 ms)

========================================================================
Received Prepare
Registering precompiled user dll's ...
Registered in 0.002014 seconds.
Begin MonoManager ReloadAssembly
Native extension for WindowsStandalone target not found
Native extension for WebGL target not found
Refreshing native plugins compatible for Editor in 0.45 ms, found 0 plugins.
Preloading 0 native plugins for Editor in 0.00 ms.
Mono: successfully reloaded assembly
- Completed reload, in  0.739 seconds
Platform modules already initialized, skipping
Refreshing native plugins compatible for Editor in 0.48 ms, found 0 plugins.
Preloading 0 native plugins for Editor in 0.00 ms.
Unloading 1846 Unused Serialized files (Serialized files now loaded: 0)
System memory in use before: 88.0 MB.
System memory in use after: 88.0 MB.

Unloading 25 unused Assets to reduce memory usage. Loaded Objects now: 2355.
Total: 1.759300 ms (FindLiveObjects: 0.152400 ms CreateObjectMapping: 0.056700 ms MarkObjects: 1.500500 ms  DeleteObjects: 0.048700 ms)

========================================================================
Received Prepare
Registering precompiled user dll's ...
Registered in 0.002084 seconds.
Begin MonoManager ReloadAssembly
Native extension for WindowsStandalone target not found
Native extension for WebGL target not found
Refreshing native plugins compatible for Editor in 0.45 ms, found 0 plugins.
Preloading 0 native plugins for Editor in 0.00 ms.
Mono: successfully reloaded assembly
- Completed reload, in  0.712 seconds
Platform modules already initialized, skipping
Refreshing native plugins compatible for Editor in 0.47 ms, found 0 plugins.
Preloading 0 native plugins for Editor in 0.00 ms.
Unloading 1846 Unused Serialized files (Serialized files now loaded: 0)
System memory in use before: 88.0 MB.
System memory in use after: 88.1 MB.

Unloading 25 unused Assets to reduce memory usage. Loaded Objects now: 2358.
Total: 1.831800 ms (FindLiveObjects: 0.149800 ms CreateObjectMapping: 0.055100 ms MarkObjects: 1.577000 ms  DeleteObjects: 0.049300 ms)

========================================================================
Received Prepare
Registering precompiled user dll's ...
Registered in 0.002119 seconds.
Begin MonoManager ReloadAssembly
Native extension for WindowsStandalone target not found
Native extension for WebGL target not found
Refreshing native plugins compatible for Editor in 0.44 ms, found 0 plugins.
Preloading 0 native plugins for Editor in 0.00 ms.
Mono: successfully reloaded assembly
- Completed reload, in  0.736 seconds
Platform modules already initialized, skipping
Refreshing native plugins compatible for Editor in 0.56 ms, found 0 plugins.
Preloading 0 native plugins for Editor in 0.00 ms.
Unloading 1846 Unused Serialized files (Serialized files now loaded: 0)
System memory in use before: 88.0 MB.
System memory in use after: 88.1 MB.

Unloading 25 unused Assets to reduce memory usage. Loaded Objects now: 2361.
Total: 2.127800 ms (FindLiveObjects: 0.181500 ms CreateObjectMapping: 0.071500 ms MarkObjects: 1.810600 ms  DeleteObjects: 0.063200 ms)

AssetImportWorkerClient::OnTransportError - code=2 error=End of file
